ERROR - 2026-06-15 16:08:14 --> Error connecting to the database: mysqli_sql_exception: No such file or directory in /Users/rouf/Documents/UAS_Web2_312410157_Rouf/backend-api/vendor/codeigniter4/framework/system/Database/MySQLi/Connection.php:201
Stack trace:
#0 /Users/rouf/Documents/UAS_Web2_312410157_Rouf/backend-api/vendor/codeigniter4/framework/system/Database/MySQLi/Connection.php(201): mysqli->real_connect('localhost', 'root', Object(SensitiveParameterValue), 'db_inventory', 3306, '', 0)
#1 /Users/rouf/Documents/UAS_Web2_312410157_Rouf/backend-api/vendor/codeigniter4/framework/system/Database/BaseConnection.php(555): CodeIgniter\Database\MySQLi\Connection->connect(false)
#2 /Users/rouf/Documents/UAS_Web2_312410157_Rouf/backend-api/vendor/codeigniter4/framework/system/Database/BaseConnection.php(795): CodeIgniter\Database\BaseConnection->initialize()
#3 /Users/rouf/Documents/UAS_Web2_312410157_Rouf/backend-api/vendor/codeigniter4/framework/system/Database/BaseBuilder.php(1647): CodeIgniter\Database\BaseConnection->query('SELECT *\nFROM `...', Array, false)
#4 /Users/rouf/Documents/UAS_Web2_312410157_Rouf/backend-api/vendor/codeigniter4/framework/system/Model.php(255): CodeIgniter\Database\BaseBuilder->get()
#5 /Users/rouf/Documents/UAS_Web2_312410157_Rouf/backend-api/vendor/codeigniter4/framework/system/BaseModel.php(676): CodeIgniter\Model->doFindAll(0, 0)
#6 /Users/rouf/Documents/UAS_Web2_312410157_Rouf/backend-api/app/Controllers/Kategori.php(17): CodeIgniter\BaseModel->findAll()
#7 /Users/rouf/Documents/UAS_Web2_312410157_Rouf/backend-api/vendor/codeigniter4/framework/system/CodeIgniter.php(974): App\Controllers\Kategori->index()
#8 /Users/rouf/Documents/UAS_Web2_312410157_Rouf/backend-api/vendor/codeigniter4/framework/system/CodeIgniter.php(520): CodeIgniter\CodeIgniter->runController(Object(App\Controllers\Kategori))
#9 /Users/rouf/Documents/UAS_Web2_312410157_Rouf/backend-api/vendor/codeigniter4/framework/system/CodeIgniter.php(363): CodeIgniter\CodeIgniter->handleRequest(NULL, Object(Config\Cache), false)
#10 /Users/rouf/Documents/UAS_Web2_312410157_Rouf/backend-api/vendor/codeigniter4/framework/system/Boot.php(417): CodeIgniter\CodeIgniter->run()
#11 /Users/rouf/Documents/UAS_Web2_312410157_Rouf/backend-api/vendor/codeigniter4/framework/system/Boot.php(68): CodeIgniter\Boot::runCodeIgniter(Object(CodeIgniter\CodeIgniter))
#12 /Users/rouf/Documents/UAS_Web2_312410157_Rouf/backend-api/public/index.php(59): CodeIgniter\Boot::bootWeb(Object(Config\Paths))
#13 /Users/rouf/Documents/UAS_Web2_312410157_Rouf/backend-api/vendor/codeigniter4/framework/system/rewrite.php(44): require_once('/Users/rouf/Doc...')
#14 {main}

Next CodeIgniter\Database\Exceptions\DatabaseException: No such file or directory in /Users/rouf/Documents/UAS_Web2_312410157_Rouf/backend-api/vendor/codeigniter4/framework/system/Database/MySQLi/Connection.php:231
Stack trace:
#0 /Users/rouf/Documents/UAS_Web2_312410157_Rouf/backend-api/vendor/codeigniter4/framework/system/Database/BaseConnection.php(555): CodeIgniter\Database\MySQLi\Connection->connect(false)
#1 /Users/rouf/Documents/UAS_Web2_312410157_Rouf/backend-api/vendor/codeigniter4/framework/system/Database/BaseConnection.php(795): CodeIgniter\Database\BaseConnection->initialize()
#2 /Users/rouf/Documents/UAS_Web2_312410157_Rouf/backend-api/vendor/codeigniter4/framework/system/Database/BaseBuilder.php(1647): CodeIgniter\Database\BaseConnection->query('SELECT *\nFROM `...', Array, false)
#3 /Users/rouf/Documents/UAS_Web2_312410157_Rouf/backend-api/vendor/codeigniter4/framework/system/Model.php(255): CodeIgniter\Database\BaseBuilder->get()
#4 /Users/rouf/Documents/UAS_Web2_312410157_Rouf/backend-api/vendor/codeigniter4/framework/system/BaseModel.php(676): CodeIgniter\Model->doFindAll(0, 0)
#5 /Users/rouf/Documents/UAS_Web2_312410157_Rouf/backend-api/app/Controllers/Kategori.php(17): CodeIgniter\BaseModel->findAll()
#6 /Users/rouf/Documents/UAS_Web2_312410157_Rouf/backend-api/vendor/codeigniter4/framework/system/CodeIgniter.php(974): App\Controllers\Kategori->index()
#7 /Users/rouf/Documents/UAS_Web2_312410157_Rouf/backend-api/vendor/codeigniter4/framework/system/CodeIgniter.php(520): CodeIgniter\CodeIgniter->runController(Object(App\Controllers\Kategori))
#8 /Users/rouf/Documents/UAS_Web2_312410157_Rouf/backend-api/vendor/codeigniter4/framework/system/CodeIgniter.php(363): CodeIgniter\CodeIgniter->handleRequest(NULL, Object(Config\Cache), false)
#9 /Users/rouf/Documents/UAS_Web2_312410157_Rouf/backend-api/vendor/codeigniter4/framework/system/Boot.php(417): CodeIgniter\CodeIgniter->run()
#10 /Users/rouf/Documents/UAS_Web2_312410157_Rouf/backend-api/vendor/codeigniter4/framework/system/Boot.php(68): CodeIgniter\Boot::runCodeIgniter(Object(CodeIgniter\CodeIgniter))
#11 /Users/rouf/Documents/UAS_Web2_312410157_Rouf/backend-api/public/index.php(59): CodeIgniter\Boot::bootWeb(Object(Config\Paths))
#12 /Users/rouf/Documents/UAS_Web2_312410157_Rouf/backend-api/vendor/codeigniter4/framework/system/rewrite.php(44): require_once('/Users/rouf/Doc...')
#13 {main}
CRITICAL - 2026-06-15 16:08:14 --> CodeIgniter\Database\Exceptions\DatabaseException: Unable to connect to the database.
Main connection [MySQLi]: No such file or directory
[Method: GET, Route: api/kategori]
in SYSTEMPATH/Database/BaseConnection.php on line 606.
 1 SYSTEMPATH/Database/BaseConnection.php(795): CodeIgniter\Database\BaseConnection->initialize()
 2 SYSTEMPATH/Database/BaseBuilder.php(1647): CodeIgniter\Database\BaseConnection->query('SELECT *
FROM `kategori`', [], false)
 3 SYSTEMPATH/Model.php(255): CodeIgniter\Database\BaseBuilder->get()
 4 SYSTEMPATH/BaseModel.php(676): CodeIgniter\Model->doFindAll(0, 0)
 5 APPPATH/Controllers/Kategori.php(17): CodeIgniter\BaseModel->findAll()
 6 SYSTEMPATH/CodeIgniter.php(974): App\Controllers\Kategori->index()
 7 SYSTEMPATH/CodeIgniter.php(520): CodeIgniter\CodeIgniter->runController(Object(App\Controllers\Kategori))
 8 SYSTEMPATH/CodeIgniter.php(363): CodeIgniter\CodeIgniter->handleRequest(null, Object(Config\Cache), false)
 9 SYSTEMPATH/Boot.php(417): CodeIgniter\CodeIgniter->run()
10 SYSTEMPATH/Boot.php(68): CodeIgniter\Boot::runCodeIgniter(Object(CodeIgniter\CodeIgniter))
11 FCPATH/index.php(59): CodeIgniter\Boot::bootWeb(Object(Config\Paths))
12 SYSTEMPATH/rewrite.php(44): require_once('/Users/rouf/Documents/UAS_Web2_312410157_Rouf/backend-api/public/index.php')
ERROR - 2026-06-15 21:00:55 --> Unknown column 'keterangan' in 'field list'
in SYSTEMPATH/Database/MySQLi/Connection.php on line 300.
 1 SYSTEMPATH/Database/MySQLi/Connection.php(300): mysqli->query('INSERT INTO `histori_transaksi` (`barang_id`, `jenis_transaksi`, `jumlah`, `tanggal`, `keterangan`) VALUES (\'1\', \'Masuk\', 1, \'2026-06-15\', \'\')', 0)
 2 SYSTEMPATH/Database/BaseConnection.php(908): CodeIgniter\Database\MySQLi\Connection->execute('INSERT INTO `histori_transaksi` (`barang_id`, `jenis_transaksi`, `jumlah`, `tanggal`, `keterangan`) VALUES (\'1\', \'Masuk\', 1, \'2026-06-15\', \'\')')
 3 SYSTEMPATH/Database/BaseConnection.php(825): CodeIgniter\Database\BaseConnection->simpleQuery('INSERT INTO `histori_transaksi` (`barang_id`, `jenis_transaksi`, `jumlah`, `tanggal`, `keterangan`) VALUES (\'1\', \'Masuk\', 1, \'2026-06-15\', \'\')')
 4 SYSTEMPATH/Database/BaseBuilder.php(2343): CodeIgniter\Database\BaseConnection->query('INSERT INTO `histori_transaksi` (`barang_id`, `jenis_transaksi`, `jumlah`, `tanggal`, `keterangan`) VALUES (:barang_id:, :jenis_transaksi:, :jumlah:, :tanggal:, :keterangan:)', [...], false)
 5 SYSTEMPATH/Model.php(357): CodeIgniter\Database\BaseBuilder->insert()
 6 SYSTEMPATH/BaseModel.php(899): CodeIgniter\Model->doInsert([...])
 7 SYSTEMPATH/Model.php(670): CodeIgniter\BaseModel->insert([...], true)
 8 APPPATH/Controllers/Histori.php(26): CodeIgniter\Model->insert(Object(stdClass))
 9 SYSTEMPATH/CodeIgniter.php(974): App\Controllers\Histori->create()
10 SYSTEMPATH/CodeIgniter.php(520): CodeIgniter\CodeIgniter->runController(Object(App\Controllers\Histori))
11 SYSTEMPATH/CodeIgniter.php(363): CodeIgniter\CodeIgniter->handleRequest(null, Object(Config\Cache), false)
12 SYSTEMPATH/Boot.php(417): CodeIgniter\CodeIgniter->run()
13 SYSTEMPATH/Boot.php(68): CodeIgniter\Boot::runCodeIgniter(Object(CodeIgniter\CodeIgniter))
14 FCPATH/index.php(59): CodeIgniter\Boot::bootWeb(Object(Config\Paths))
15 SYSTEMPATH/rewrite.php(44): require_once('/Users/rouf/Documents/UAS_Web2_312410157_Rouf/backend-api/public/index.php')
CRITICAL - 2026-06-15 21:00:55 --> CodeIgniter\Database\Exceptions\DatabaseException: Unknown column 'keterangan' in 'field list'
[Method: POST, Route: api/histori]
in SYSTEMPATH/Database/BaseConnection.php on line 863.
 1 SYSTEMPATH/Database/BaseBuilder.php(2343): CodeIgniter\Database\BaseConnection->query('INSERT INTO `histori_transaksi` (`barang_id`, `jenis_transaksi`, `jumlah`, `tanggal`, `keterangan`) VALUES (:barang_id:, :jenis_transaksi:, :jumlah:, :tanggal:, :keterangan:)', [...], false)
 2 SYSTEMPATH/Model.php(357): CodeIgniter\Database\BaseBuilder->insert()
 3 SYSTEMPATH/BaseModel.php(899): CodeIgniter\Model->doInsert([...])
 4 SYSTEMPATH/Model.php(670): CodeIgniter\BaseModel->insert([...], true)
 5 APPPATH/Controllers/Histori.php(26): CodeIgniter\Model->insert(Object(stdClass))
 6 SYSTEMPATH/CodeIgniter.php(974): App\Controllers\Histori->create()
 7 SYSTEMPATH/CodeIgniter.php(520): CodeIgniter\CodeIgniter->runController(Object(App\Controllers\Histori))
 8 SYSTEMPATH/CodeIgniter.php(363): CodeIgniter\CodeIgniter->handleRequest(null, Object(Config\Cache), false)
 9 SYSTEMPATH/Boot.php(417): CodeIgniter\CodeIgniter->run()
10 SYSTEMPATH/Boot.php(68): CodeIgniter\Boot::runCodeIgniter(Object(CodeIgniter\CodeIgniter))
11 FCPATH/index.php(59): CodeIgniter\Boot::bootWeb(Object(Config\Paths))
12 SYSTEMPATH/rewrite.php(44): require_once('/Users/rouf/Documents/UAS_Web2_312410157_Rouf/backend-api/public/index.php')
CRITICAL - 2026-06-15 21:00:55 --> [Caused by] CodeIgniter\Database\Exceptions\DatabaseException: Unknown column 'keterangan' in 'field list'
in SYSTEMPATH/Database/MySQLi/Connection.php on line 310.
 1 SYSTEMPATH/Database/BaseConnection.php(908): CodeIgniter\Database\MySQLi\Connection->execute('INSERT INTO `histori_transaksi` (`barang_id`, `jenis_transaksi`, `jumlah`, `tanggal`, `keterangan`) VALUES (\'1\', \'Masuk\', 1, \'2026-06-15\', \'\')')
 2 SYSTEMPATH/Database/BaseConnection.php(825): CodeIgniter\Database\BaseConnection->simpleQuery('INSERT INTO `histori_transaksi` (`barang_id`, `jenis_transaksi`, `jumlah`, `tanggal`, `keterangan`) VALUES (\'1\', \'Masuk\', 1, \'2026-06-15\', \'\')')
 3 SYSTEMPATH/Database/BaseBuilder.php(2343): CodeIgniter\Database\BaseConnection->query('INSERT INTO `histori_transaksi` (`barang_id`, `jenis_transaksi`, `jumlah`, `tanggal`, `keterangan`) VALUES (:barang_id:, :jenis_transaksi:, :jumlah:, :tanggal:, :keterangan:)', [...], false)
 4 SYSTEMPATH/Model.php(357): CodeIgniter\Database\BaseBuilder->insert()
 5 SYSTEMPATH/BaseModel.php(899): CodeIgniter\Model->doInsert([...])
 6 SYSTEMPATH/Model.php(670): CodeIgniter\BaseModel->insert([...], true)
 7 APPPATH/Controllers/Histori.php(26): CodeIgniter\Model->insert(Object(stdClass))
 8 SYSTEMPATH/CodeIgniter.php(974): App\Controllers\Histori->create()
 9 SYSTEMPATH/CodeIgniter.php(520): CodeIgniter\CodeIgniter->runController(Object(App\Controllers\Histori))
10 SYSTEMPATH/CodeIgniter.php(363): CodeIgniter\CodeIgniter->handleRequest(null, Object(Config\Cache), false)
11 SYSTEMPATH/Boot.php(417): CodeIgniter\CodeIgniter->run()
12 SYSTEMPATH/Boot.php(68): CodeIgniter\Boot::runCodeIgniter(Object(CodeIgniter\CodeIgniter))
13 FCPATH/index.php(59): CodeIgniter\Boot::bootWeb(Object(Config\Paths))
14 SYSTEMPATH/rewrite.php(44): require_once('/Users/rouf/Documents/UAS_Web2_312410157_Rouf/backend-api/public/index.php')
CRITICAL - 2026-06-15 21:00:55 --> [Caused by] mysqli_sql_exception: Unknown column 'keterangan' in 'field list'
in SYSTEMPATH/Database/MySQLi/Connection.php on line 300.
 1 SYSTEMPATH/Database/MySQLi/Connection.php(300): mysqli->query('INSERT INTO `histori_transaksi` (`barang_id`, `jenis_transaksi`, `jumlah`, `tanggal`, `keterangan`) VALUES (\'1\', \'Masuk\', 1, \'2026-06-15\', \'\')', 0)
 2 SYSTEMPATH/Database/BaseConnection.php(908): CodeIgniter\Database\MySQLi\Connection->execute('INSERT INTO `histori_transaksi` (`barang_id`, `jenis_transaksi`, `jumlah`, `tanggal`, `keterangan`) VALUES (\'1\', \'Masuk\', 1, \'2026-06-15\', \'\')')
 3 SYSTEMPATH/Database/BaseConnection.php(825): CodeIgniter\Database\BaseConnection->simpleQuery('INSERT INTO `histori_transaksi` (`barang_id`, `jenis_transaksi`, `jumlah`, `tanggal`, `keterangan`) VALUES (\'1\', \'Masuk\', 1, \'2026-06-15\', \'\')')
 4 SYSTEMPATH/Database/BaseBuilder.php(2343): CodeIgniter\Database\BaseConnection->query('INSERT INTO `histori_transaksi` (`barang_id`, `jenis_transaksi`, `jumlah`, `tanggal`, `keterangan`) VALUES (:barang_id:, :jenis_transaksi:, :jumlah:, :tanggal:, :keterangan:)', [...], false)
 5 SYSTEMPATH/Model.php(357): CodeIgniter\Database\BaseBuilder->insert()
 6 SYSTEMPATH/BaseModel.php(899): CodeIgniter\Model->doInsert([...])
 7 SYSTEMPATH/Model.php(670): CodeIgniter\BaseModel->insert([...], true)
 8 APPPATH/Controllers/Histori.php(26): CodeIgniter\Model->insert(Object(stdClass))
 9 SYSTEMPATH/CodeIgniter.php(974): App\Controllers\Histori->create()
10 SYSTEMPATH/CodeIgniter.php(520): CodeIgniter\CodeIgniter->runController(Object(App\Controllers\Histori))
11 SYSTEMPATH/CodeIgniter.php(363): CodeIgniter\CodeIgniter->handleRequest(null, Object(Config\Cache), false)
12 SYSTEMPATH/Boot.php(417): CodeIgniter\CodeIgniter->run()
13 SYSTEMPATH/Boot.php(68): CodeIgniter\Boot::runCodeIgniter(Object(CodeIgniter\CodeIgniter))
14 FCPATH/index.php(59): CodeIgniter\Boot::bootWeb(Object(Config\Paths))
15 SYSTEMPATH/rewrite.php(44): require_once('/Users/rouf/Documents/UAS_Web2_312410157_Rouf/backend-api/public/index.php')
ERROR - 2026-06-15 21:01:02 --> Unknown column 'keterangan' in 'field list'
in SYSTEMPATH/Database/MySQLi/Connection.php on line 300.
 1 SYSTEMPATH/Database/MySQLi/Connection.php(300): mysqli->query('INSERT INTO `histori_transaksi` (`barang_id`, `jenis_transaksi`, `jumlah`, `tanggal`, `keterangan`) VALUES (\'1\', \'Masuk\', 2, \'2026-06-15\', \'\')', 0)
 2 SYSTEMPATH/Database/BaseConnection.php(908): CodeIgniter\Database\MySQLi\Connection->execute('INSERT INTO `histori_transaksi` (`barang_id`, `jenis_transaksi`, `jumlah`, `tanggal`, `keterangan`) VALUES (\'1\', \'Masuk\', 2, \'2026-06-15\', \'\')')
 3 SYSTEMPATH/Database/BaseConnection.php(825): CodeIgniter\Database\BaseConnection->simpleQuery('INSERT INTO `histori_transaksi` (`barang_id`, `jenis_transaksi`, `jumlah`, `tanggal`, `keterangan`) VALUES (\'1\', \'Masuk\', 2, \'2026-06-15\', \'\')')
 4 SYSTEMPATH/Database/BaseBuilder.php(2343): CodeIgniter\Database\BaseConnection->query('INSERT INTO `histori_transaksi` (`barang_id`, `jenis_transaksi`, `jumlah`, `tanggal`, `keterangan`) VALUES (:barang_id:, :jenis_transaksi:, :jumlah:, :tanggal:, :keterangan:)', [...], false)
 5 SYSTEMPATH/Model.php(357): CodeIgniter\Database\BaseBuilder->insert()
 6 SYSTEMPATH/BaseModel.php(899): CodeIgniter\Model->doInsert([...])
 7 SYSTEMPATH/Model.php(670): CodeIgniter\BaseModel->insert([...], true)
 8 APPPATH/Controllers/Histori.php(26): CodeIgniter\Model->insert(Object(stdClass))
 9 SYSTEMPATH/CodeIgniter.php(974): App\Controllers\Histori->create()
10 SYSTEMPATH/CodeIgniter.php(520): CodeIgniter\CodeIgniter->runController(Object(App\Controllers\Histori))
11 SYSTEMPATH/CodeIgniter.php(363): CodeIgniter\CodeIgniter->handleRequest(null, Object(Config\Cache), false)
12 SYSTEMPATH/Boot.php(417): CodeIgniter\CodeIgniter->run()
13 SYSTEMPATH/Boot.php(68): CodeIgniter\Boot::runCodeIgniter(Object(CodeIgniter\CodeIgniter))
14 FCPATH/index.php(59): CodeIgniter\Boot::bootWeb(Object(Config\Paths))
15 SYSTEMPATH/rewrite.php(44): require_once('/Users/rouf/Documents/UAS_Web2_312410157_Rouf/backend-api/public/index.php')
CRITICAL - 2026-06-15 21:01:02 --> CodeIgniter\Database\Exceptions\DatabaseException: Unknown column 'keterangan' in 'field list'
[Method: POST, Route: api/histori]
in SYSTEMPATH/Database/BaseConnection.php on line 863.
 1 SYSTEMPATH/Database/BaseBuilder.php(2343): CodeIgniter\Database\BaseConnection->query('INSERT INTO `histori_transaksi` (`barang_id`, `jenis_transaksi`, `jumlah`, `tanggal`, `keterangan`) VALUES (:barang_id:, :jenis_transaksi:, :jumlah:, :tanggal:, :keterangan:)', [...], false)
 2 SYSTEMPATH/Model.php(357): CodeIgniter\Database\BaseBuilder->insert()
 3 SYSTEMPATH/BaseModel.php(899): CodeIgniter\Model->doInsert([...])
 4 SYSTEMPATH/Model.php(670): CodeIgniter\BaseModel->insert([...], true)
 5 APPPATH/Controllers/Histori.php(26): CodeIgniter\Model->insert(Object(stdClass))
 6 SYSTEMPATH/CodeIgniter.php(974): App\Controllers\Histori->create()
 7 SYSTEMPATH/CodeIgniter.php(520): CodeIgniter\CodeIgniter->runController(Object(App\Controllers\Histori))
 8 SYSTEMPATH/CodeIgniter.php(363): CodeIgniter\CodeIgniter->handleRequest(null, Object(Config\Cache), false)
 9 SYSTEMPATH/Boot.php(417): CodeIgniter\CodeIgniter->run()
10 SYSTEMPATH/Boot.php(68): CodeIgniter\Boot::runCodeIgniter(Object(CodeIgniter\CodeIgniter))
11 FCPATH/index.php(59): CodeIgniter\Boot::bootWeb(Object(Config\Paths))
12 SYSTEMPATH/rewrite.php(44): require_once('/Users/rouf/Documents/UAS_Web2_312410157_Rouf/backend-api/public/index.php')
CRITICAL - 2026-06-15 21:01:02 --> [Caused by] CodeIgniter\Database\Exceptions\DatabaseException: Unknown column 'keterangan' in 'field list'
in SYSTEMPATH/Database/MySQLi/Connection.php on line 310.
 1 SYSTEMPATH/Database/BaseConnection.php(908): CodeIgniter\Database\MySQLi\Connection->execute('INSERT INTO `histori_transaksi` (`barang_id`, `jenis_transaksi`, `jumlah`, `tanggal`, `keterangan`) VALUES (\'1\', \'Masuk\', 2, \'2026-06-15\', \'\')')
 2 SYSTEMPATH/Database/BaseConnection.php(825): CodeIgniter\Database\BaseConnection->simpleQuery('INSERT INTO `histori_transaksi` (`barang_id`, `jenis_transaksi`, `jumlah`, `tanggal`, `keterangan`) VALUES (\'1\', \'Masuk\', 2, \'2026-06-15\', \'\')')
 3 SYSTEMPATH/Database/BaseBuilder.php(2343): CodeIgniter\Database\BaseConnection->query('INSERT INTO `histori_transaksi` (`barang_id`, `jenis_transaksi`, `jumlah`, `tanggal`, `keterangan`) VALUES (:barang_id:, :jenis_transaksi:, :jumlah:, :tanggal:, :keterangan:)', [...], false)
 4 SYSTEMPATH/Model.php(357): CodeIgniter\Database\BaseBuilder->insert()
 5 SYSTEMPATH/BaseModel.php(899): CodeIgniter\Model->doInsert([...])
 6 SYSTEMPATH/Model.php(670): CodeIgniter\BaseModel->insert([...], true)
 7 APPPATH/Controllers/Histori.php(26): CodeIgniter\Model->insert(Object(stdClass))
 8 SYSTEMPATH/CodeIgniter.php(974): App\Controllers\Histori->create()
 9 SYSTEMPATH/CodeIgniter.php(520): CodeIgniter\CodeIgniter->runController(Object(App\Controllers\Histori))
10 SYSTEMPATH/CodeIgniter.php(363): CodeIgniter\CodeIgniter->handleRequest(null, Object(Config\Cache), false)
11 SYSTEMPATH/Boot.php(417): CodeIgniter\CodeIgniter->run()
12 SYSTEMPATH/Boot.php(68): CodeIgniter\Boot::runCodeIgniter(Object(CodeIgniter\CodeIgniter))
13 FCPATH/index.php(59): CodeIgniter\Boot::bootWeb(Object(Config\Paths))
14 SYSTEMPATH/rewrite.php(44): require_once('/Users/rouf/Documents/UAS_Web2_312410157_Rouf/backend-api/public/index.php')
CRITICAL - 2026-06-15 21:01:02 --> [Caused by] mysqli_sql_exception: Unknown column 'keterangan' in 'field list'
in SYSTEMPATH/Database/MySQLi/Connection.php on line 300.
 1 SYSTEMPATH/Database/MySQLi/Connection.php(300): mysqli->query('INSERT INTO `histori_transaksi` (`barang_id`, `jenis_transaksi`, `jumlah`, `tanggal`, `keterangan`) VALUES (\'1\', \'Masuk\', 2, \'2026-06-15\', \'\')', 0)
 2 SYSTEMPATH/Database/BaseConnection.php(908): CodeIgniter\Database\MySQLi\Connection->execute('INSERT INTO `histori_transaksi` (`barang_id`, `jenis_transaksi`, `jumlah`, `tanggal`, `keterangan`) VALUES (\'1\', \'Masuk\', 2, \'2026-06-15\', \'\')')
 3 SYSTEMPATH/Database/BaseConnection.php(825): CodeIgniter\Database\BaseConnection->simpleQuery('INSERT INTO `histori_transaksi` (`barang_id`, `jenis_transaksi`, `jumlah`, `tanggal`, `keterangan`) VALUES (\'1\', \'Masuk\', 2, \'2026-06-15\', \'\')')
 4 SYSTEMPATH/Database/BaseBuilder.php(2343): CodeIgniter\Database\BaseConnection->query('INSERT INTO `histori_transaksi` (`barang_id`, `jenis_transaksi`, `jumlah`, `tanggal`, `keterangan`) VALUES (:barang_id:, :jenis_transaksi:, :jumlah:, :tanggal:, :keterangan:)', [...], false)
 5 SYSTEMPATH/Model.php(357): CodeIgniter\Database\BaseBuilder->insert()
 6 SYSTEMPATH/BaseModel.php(899): CodeIgniter\Model->doInsert([...])
 7 SYSTEMPATH/Model.php(670): CodeIgniter\BaseModel->insert([...], true)
 8 APPPATH/Controllers/Histori.php(26): CodeIgniter\Model->insert(Object(stdClass))
 9 SYSTEMPATH/CodeIgniter.php(974): App\Controllers\Histori->create()
10 SYSTEMPATH/CodeIgniter.php(520): CodeIgniter\CodeIgniter->runController(Object(App\Controllers\Histori))
11 SYSTEMPATH/CodeIgniter.php(363): CodeIgniter\CodeIgniter->handleRequest(null, Object(Config\Cache), false)
12 SYSTEMPATH/Boot.php(417): CodeIgniter\CodeIgniter->run()
13 SYSTEMPATH/Boot.php(68): CodeIgniter\Boot::runCodeIgniter(Object(CodeIgniter\CodeIgniter))
14 FCPATH/index.php(59): CodeIgniter\Boot::bootWeb(Object(Config\Paths))
15 SYSTEMPATH/rewrite.php(44): require_once('/Users/rouf/Documents/UAS_Web2_312410157_Rouf/backend-api/public/index.php')
ERROR - 2026-06-15 21:01:06 --> Unknown column 'keterangan' in 'field list'
in SYSTEMPATH/Database/MySQLi/Connection.php on line 300.
 1 SYSTEMPATH/Database/MySQLi/Connection.php(300): mysqli->query('INSERT INTO `histori_transaksi` (`barang_id`, `jenis_transaksi`, `jumlah`, `tanggal`, `keterangan`) VALUES (\'1\', \'Keluar\', 2, \'2026-06-15\', \'\')', 0)
 2 SYSTEMPATH/Database/BaseConnection.php(908): CodeIgniter\Database\MySQLi\Connection->execute('INSERT INTO `histori_transaksi` (`barang_id`, `jenis_transaksi`, `jumlah`, `tanggal`, `keterangan`) VALUES (\'1\', \'Keluar\', 2, \'2026-06-15\', \'\')')
 3 SYSTEMPATH/Database/BaseConnection.php(825): CodeIgniter\Database\BaseConnection->simpleQuery('INSERT INTO `histori_transaksi` (`barang_id`, `jenis_transaksi`, `jumlah`, `tanggal`, `keterangan`) VALUES (\'1\', \'Keluar\', 2, \'2026-06-15\', \'\')')
 4 SYSTEMPATH/Database/BaseBuilder.php(2343): CodeIgniter\Database\BaseConnection->query('INSERT INTO `histori_transaksi` (`barang_id`, `jenis_transaksi`, `jumlah`, `tanggal`, `keterangan`) VALUES (:barang_id:, :jenis_transaksi:, :jumlah:, :tanggal:, :keterangan:)', [...], false)
 5 SYSTEMPATH/Model.php(357): CodeIgniter\Database\BaseBuilder->insert()
 6 SYSTEMPATH/BaseModel.php(899): CodeIgniter\Model->doInsert([...])
 7 SYSTEMPATH/Model.php(670): CodeIgniter\BaseModel->insert([...], true)
 8 APPPATH/Controllers/Histori.php(26): CodeIgniter\Model->insert(Object(stdClass))
 9 SYSTEMPATH/CodeIgniter.php(974): App\Controllers\Histori->create()
10 SYSTEMPATH/CodeIgniter.php(520): CodeIgniter\CodeIgniter->runController(Object(App\Controllers\Histori))
11 SYSTEMPATH/CodeIgniter.php(363): CodeIgniter\CodeIgniter->handleRequest(null, Object(Config\Cache), false)
12 SYSTEMPATH/Boot.php(417): CodeIgniter\CodeIgniter->run()
13 SYSTEMPATH/Boot.php(68): CodeIgniter\Boot::runCodeIgniter(Object(CodeIgniter\CodeIgniter))
14 FCPATH/index.php(59): CodeIgniter\Boot::bootWeb(Object(Config\Paths))
15 SYSTEMPATH/rewrite.php(44): require_once('/Users/rouf/Documents/UAS_Web2_312410157_Rouf/backend-api/public/index.php')
CRITICAL - 2026-06-15 21:01:06 --> CodeIgniter\Database\Exceptions\DatabaseException: Unknown column 'keterangan' in 'field list'
[Method: POST, Route: api/histori]
in SYSTEMPATH/Database/BaseConnection.php on line 863.
 1 SYSTEMPATH/Database/BaseBuilder.php(2343): CodeIgniter\Database\BaseConnection->query('INSERT INTO `histori_transaksi` (`barang_id`, `jenis_transaksi`, `jumlah`, `tanggal`, `keterangan`) VALUES (:barang_id:, :jenis_transaksi:, :jumlah:, :tanggal:, :keterangan:)', [...], false)
 2 SYSTEMPATH/Model.php(357): CodeIgniter\Database\BaseBuilder->insert()
 3 SYSTEMPATH/BaseModel.php(899): CodeIgniter\Model->doInsert([...])
 4 SYSTEMPATH/Model.php(670): CodeIgniter\BaseModel->insert([...], true)
 5 APPPATH/Controllers/Histori.php(26): CodeIgniter\Model->insert(Object(stdClass))
 6 SYSTEMPATH/CodeIgniter.php(974): App\Controllers\Histori->create()
 7 SYSTEMPATH/CodeIgniter.php(520): CodeIgniter\CodeIgniter->runController(Object(App\Controllers\Histori))
 8 SYSTEMPATH/CodeIgniter.php(363): CodeIgniter\CodeIgniter->handleRequest(null, Object(Config\Cache), false)
 9 SYSTEMPATH/Boot.php(417): CodeIgniter\CodeIgniter->run()
10 SYSTEMPATH/Boot.php(68): CodeIgniter\Boot::runCodeIgniter(Object(CodeIgniter\CodeIgniter))
11 FCPATH/index.php(59): CodeIgniter\Boot::bootWeb(Object(Config\Paths))
12 SYSTEMPATH/rewrite.php(44): require_once('/Users/rouf/Documents/UAS_Web2_312410157_Rouf/backend-api/public/index.php')
CRITICAL - 2026-06-15 21:01:06 --> [Caused by] CodeIgniter\Database\Exceptions\DatabaseException: Unknown column 'keterangan' in 'field list'
in SYSTEMPATH/Database/MySQLi/Connection.php on line 310.
 1 SYSTEMPATH/Database/BaseConnection.php(908): CodeIgniter\Database\MySQLi\Connection->execute('INSERT INTO `histori_transaksi` (`barang_id`, `jenis_transaksi`, `jumlah`, `tanggal`, `keterangan`) VALUES (\'1\', \'Keluar\', 2, \'2026-06-15\', \'\')')
 2 SYSTEMPATH/Database/BaseConnection.php(825): CodeIgniter\Database\BaseConnection->simpleQuery('INSERT INTO `histori_transaksi` (`barang_id`, `jenis_transaksi`, `jumlah`, `tanggal`, `keterangan`) VALUES (\'1\', \'Keluar\', 2, \'2026-06-15\', \'\')')
 3 SYSTEMPATH/Database/BaseBuilder.php(2343): CodeIgniter\Database\BaseConnection->query('INSERT INTO `histori_transaksi` (`barang_id`, `jenis_transaksi`, `jumlah`, `tanggal`, `keterangan`) VALUES (:barang_id:, :jenis_transaksi:, :jumlah:, :tanggal:, :keterangan:)', [...], false)
 4 SYSTEMPATH/Model.php(357): CodeIgniter\Database\BaseBuilder->insert()
 5 SYSTEMPATH/BaseModel.php(899): CodeIgniter\Model->doInsert([...])
 6 SYSTEMPATH/Model.php(670): CodeIgniter\BaseModel->insert([...], true)
 7 APPPATH/Controllers/Histori.php(26): CodeIgniter\Model->insert(Object(stdClass))
 8 SYSTEMPATH/CodeIgniter.php(974): App\Controllers\Histori->create()
 9 SYSTEMPATH/CodeIgniter.php(520): CodeIgniter\CodeIgniter->runController(Object(App\Controllers\Histori))
10 SYSTEMPATH/CodeIgniter.php(363): CodeIgniter\CodeIgniter->handleRequest(null, Object(Config\Cache), false)
11 SYSTEMPATH/Boot.php(417): CodeIgniter\CodeIgniter->run()
12 SYSTEMPATH/Boot.php(68): CodeIgniter\Boot::runCodeIgniter(Object(CodeIgniter\CodeIgniter))
13 FCPATH/index.php(59): CodeIgniter\Boot::bootWeb(Object(Config\Paths))
14 SYSTEMPATH/rewrite.php(44): require_once('/Users/rouf/Documents/UAS_Web2_312410157_Rouf/backend-api/public/index.php')
CRITICAL - 2026-06-15 21:01:06 --> [Caused by] mysqli_sql_exception: Unknown column 'keterangan' in 'field list'
in SYSTEMPATH/Database/MySQLi/Connection.php on line 300.
 1 SYSTEMPATH/Database/MySQLi/Connection.php(300): mysqli->query('INSERT INTO `histori_transaksi` (`barang_id`, `jenis_transaksi`, `jumlah`, `tanggal`, `keterangan`) VALUES (\'1\', \'Keluar\', 2, \'2026-06-15\', \'\')', 0)
 2 SYSTEMPATH/Database/BaseConnection.php(908): CodeIgniter\Database\MySQLi\Connection->execute('INSERT INTO `histori_transaksi` (`barang_id`, `jenis_transaksi`, `jumlah`, `tanggal`, `keterangan`) VALUES (\'1\', \'Keluar\', 2, \'2026-06-15\', \'\')')
 3 SYSTEMPATH/Database/BaseConnection.php(825): CodeIgniter\Database\BaseConnection->simpleQuery('INSERT INTO `histori_transaksi` (`barang_id`, `jenis_transaksi`, `jumlah`, `tanggal`, `keterangan`) VALUES (\'1\', \'Keluar\', 2, \'2026-06-15\', \'\')')
 4 SYSTEMPATH/Database/BaseBuilder.php(2343): CodeIgniter\Database\BaseConnection->query('INSERT INTO `histori_transaksi` (`barang_id`, `jenis_transaksi`, `jumlah`, `tanggal`, `keterangan`) VALUES (:barang_id:, :jenis_transaksi:, :jumlah:, :tanggal:, :keterangan:)', [...], false)
 5 SYSTEMPATH/Model.php(357): CodeIgniter\Database\BaseBuilder->insert()
 6 SYSTEMPATH/BaseModel.php(899): CodeIgniter\Model->doInsert([...])
 7 SYSTEMPATH/Model.php(670): CodeIgniter\BaseModel->insert([...], true)
 8 APPPATH/Controllers/Histori.php(26): CodeIgniter\Model->insert(Object(stdClass))
 9 SYSTEMPATH/CodeIgniter.php(974): App\Controllers\Histori->create()
10 SYSTEMPATH/CodeIgniter.php(520): CodeIgniter\CodeIgniter->runController(Object(App\Controllers\Histori))
11 SYSTEMPATH/CodeIgniter.php(363): CodeIgniter\CodeIgniter->handleRequest(null, Object(Config\Cache), false)
12 SYSTEMPATH/Boot.php(417): CodeIgniter\CodeIgniter->run()
13 SYSTEMPATH/Boot.php(68): CodeIgniter\Boot::runCodeIgniter(Object(CodeIgniter\CodeIgniter))
14 FCPATH/index.php(59): CodeIgniter\Boot::bootWeb(Object(Config\Paths))
15 SYSTEMPATH/rewrite.php(44): require_once('/Users/rouf/Documents/UAS_Web2_312410157_Rouf/backend-api/public/index.php')
ERROR - 2026-06-15 21:01:10 --> Unknown column 'keterangan' in 'field list'
in SYSTEMPATH/Database/MySQLi/Connection.php on line 300.
 1 SYSTEMPATH/Database/MySQLi/Connection.php(300): mysqli->query('INSERT INTO `histori_transaksi` (`barang_id`, `jenis_transaksi`, `jumlah`, `tanggal`, `keterangan`) VALUES (\'1\', \'Keluar\', 2, \'2026-06-15\', \'\')', 0)
 2 SYSTEMPATH/Database/BaseConnection.php(908): CodeIgniter\Database\MySQLi\Connection->execute('INSERT INTO `histori_transaksi` (`barang_id`, `jenis_transaksi`, `jumlah`, `tanggal`, `keterangan`) VALUES (\'1\', \'Keluar\', 2, \'2026-06-15\', \'\')')
 3 SYSTEMPATH/Database/BaseConnection.php(825): CodeIgniter\Database\BaseConnection->simpleQuery('INSERT INTO `histori_transaksi` (`barang_id`, `jenis_transaksi`, `jumlah`, `tanggal`, `keterangan`) VALUES (\'1\', \'Keluar\', 2, \'2026-06-15\', \'\')')
 4 SYSTEMPATH/Database/BaseBuilder.php(2343): CodeIgniter\Database\BaseConnection->query('INSERT INTO `histori_transaksi` (`barang_id`, `jenis_transaksi`, `jumlah`, `tanggal`, `keterangan`) VALUES (:barang_id:, :jenis_transaksi:, :jumlah:, :tanggal:, :keterangan:)', [...], false)
 5 SYSTEMPATH/Model.php(357): CodeIgniter\Database\BaseBuilder->insert()
 6 SYSTEMPATH/BaseModel.php(899): CodeIgniter\Model->doInsert([...])
 7 SYSTEMPATH/Model.php(670): CodeIgniter\BaseModel->insert([...], true)
 8 APPPATH/Controllers/Histori.php(26): CodeIgniter\Model->insert(Object(stdClass))
 9 SYSTEMPATH/CodeIgniter.php(974): App\Controllers\Histori->create()
10 SYSTEMPATH/CodeIgniter.php(520): CodeIgniter\CodeIgniter->runController(Object(App\Controllers\Histori))
11 SYSTEMPATH/CodeIgniter.php(363): CodeIgniter\CodeIgniter->handleRequest(null, Object(Config\Cache), false)
12 SYSTEMPATH/Boot.php(417): CodeIgniter\CodeIgniter->run()
13 SYSTEMPATH/Boot.php(68): CodeIgniter\Boot::runCodeIgniter(Object(CodeIgniter\CodeIgniter))
14 FCPATH/index.php(59): CodeIgniter\Boot::bootWeb(Object(Config\Paths))
15 SYSTEMPATH/rewrite.php(44): require_once('/Users/rouf/Documents/UAS_Web2_312410157_Rouf/backend-api/public/index.php')
CRITICAL - 2026-06-15 21:01:10 --> CodeIgniter\Database\Exceptions\DatabaseException: Unknown column 'keterangan' in 'field list'
[Method: POST, Route: api/histori]
in SYSTEMPATH/Database/BaseConnection.php on line 863.
 1 SYSTEMPATH/Database/BaseBuilder.php(2343): CodeIgniter\Database\BaseConnection->query('INSERT INTO `histori_transaksi` (`barang_id`, `jenis_transaksi`, `jumlah`, `tanggal`, `keterangan`) VALUES (:barang_id:, :jenis_transaksi:, :jumlah:, :tanggal:, :keterangan:)', [...], false)
 2 SYSTEMPATH/Model.php(357): CodeIgniter\Database\BaseBuilder->insert()
 3 SYSTEMPATH/BaseModel.php(899): CodeIgniter\Model->doInsert([...])
 4 SYSTEMPATH/Model.php(670): CodeIgniter\BaseModel->insert([...], true)
 5 APPPATH/Controllers/Histori.php(26): CodeIgniter\Model->insert(Object(stdClass))
 6 SYSTEMPATH/CodeIgniter.php(974): App\Controllers\Histori->create()
 7 SYSTEMPATH/CodeIgniter.php(520): CodeIgniter\CodeIgniter->runController(Object(App\Controllers\Histori))
 8 SYSTEMPATH/CodeIgniter.php(363): CodeIgniter\CodeIgniter->handleRequest(null, Object(Config\Cache), false)
 9 SYSTEMPATH/Boot.php(417): CodeIgniter\CodeIgniter->run()
10 SYSTEMPATH/Boot.php(68): CodeIgniter\Boot::runCodeIgniter(Object(CodeIgniter\CodeIgniter))
11 FCPATH/index.php(59): CodeIgniter\Boot::bootWeb(Object(Config\Paths))
12 SYSTEMPATH/rewrite.php(44): require_once('/Users/rouf/Documents/UAS_Web2_312410157_Rouf/backend-api/public/index.php')
CRITICAL - 2026-06-15 21:01:10 --> [Caused by] CodeIgniter\Database\Exceptions\DatabaseException: Unknown column 'keterangan' in 'field list'
in SYSTEMPATH/Database/MySQLi/Connection.php on line 310.
 1 SYSTEMPATH/Database/BaseConnection.php(908): CodeIgniter\Database\MySQLi\Connection->execute('INSERT INTO `histori_transaksi` (`barang_id`, `jenis_transaksi`, `jumlah`, `tanggal`, `keterangan`) VALUES (\'1\', \'Keluar\', 2, \'2026-06-15\', \'\')')
 2 SYSTEMPATH/Database/BaseConnection.php(825): CodeIgniter\Database\BaseConnection->simpleQuery('INSERT INTO `histori_transaksi` (`barang_id`, `jenis_transaksi`, `jumlah`, `tanggal`, `keterangan`) VALUES (\'1\', \'Keluar\', 2, \'2026-06-15\', \'\')')
 3 SYSTEMPATH/Database/BaseBuilder.php(2343): CodeIgniter\Database\BaseConnection->query('INSERT INTO `histori_transaksi` (`barang_id`, `jenis_transaksi`, `jumlah`, `tanggal`, `keterangan`) VALUES (:barang_id:, :jenis_transaksi:, :jumlah:, :tanggal:, :keterangan:)', [...], false)
 4 SYSTEMPATH/Model.php(357): CodeIgniter\Database\BaseBuilder->insert()
 5 SYSTEMPATH/BaseModel.php(899): CodeIgniter\Model->doInsert([...])
 6 SYSTEMPATH/Model.php(670): CodeIgniter\BaseModel->insert([...], true)
 7 APPPATH/Controllers/Histori.php(26): CodeIgniter\Model->insert(Object(stdClass))
 8 SYSTEMPATH/CodeIgniter.php(974): App\Controllers\Histori->create()
 9 SYSTEMPATH/CodeIgniter.php(520): CodeIgniter\CodeIgniter->runController(Object(App\Controllers\Histori))
10 SYSTEMPATH/CodeIgniter.php(363): CodeIgniter\CodeIgniter->handleRequest(null, Object(Config\Cache), false)
11 SYSTEMPATH/Boot.php(417): CodeIgniter\CodeIgniter->run()
12 SYSTEMPATH/Boot.php(68): CodeIgniter\Boot::runCodeIgniter(Object(CodeIgniter\CodeIgniter))
13 FCPATH/index.php(59): CodeIgniter\Boot::bootWeb(Object(Config\Paths))
14 SYSTEMPATH/rewrite.php(44): require_once('/Users/rouf/Documents/UAS_Web2_312410157_Rouf/backend-api/public/index.php')
CRITICAL - 2026-06-15 21:01:10 --> [Caused by] mysqli_sql_exception: Unknown column 'keterangan' in 'field list'
in SYSTEMPATH/Database/MySQLi/Connection.php on line 300.
 1 SYSTEMPATH/Database/MySQLi/Connection.php(300): mysqli->query('INSERT INTO `histori_transaksi` (`barang_id`, `jenis_transaksi`, `jumlah`, `tanggal`, `keterangan`) VALUES (\'1\', \'Keluar\', 2, \'2026-06-15\', \'\')', 0)
 2 SYSTEMPATH/Database/BaseConnection.php(908): CodeIgniter\Database\MySQLi\Connection->execute('INSERT INTO `histori_transaksi` (`barang_id`, `jenis_transaksi`, `jumlah`, `tanggal`, `keterangan`) VALUES (\'1\', \'Keluar\', 2, \'2026-06-15\', \'\')')
 3 SYSTEMPATH/Database/BaseConnection.php(825): CodeIgniter\Database\BaseConnection->simpleQuery('INSERT INTO `histori_transaksi` (`barang_id`, `jenis_transaksi`, `jumlah`, `tanggal`, `keterangan`) VALUES (\'1\', \'Keluar\', 2, \'2026-06-15\', \'\')')
 4 SYSTEMPATH/Database/BaseBuilder.php(2343): CodeIgniter\Database\BaseConnection->query('INSERT INTO `histori_transaksi` (`barang_id`, `jenis_transaksi`, `jumlah`, `tanggal`, `keterangan`) VALUES (:barang_id:, :jenis_transaksi:, :jumlah:, :tanggal:, :keterangan:)', [...], false)
 5 SYSTEMPATH/Model.php(357): CodeIgniter\Database\BaseBuilder->insert()
 6 SYSTEMPATH/BaseModel.php(899): CodeIgniter\Model->doInsert([...])
 7 SYSTEMPATH/Model.php(670): CodeIgniter\BaseModel->insert([...], true)
 8 APPPATH/Controllers/Histori.php(26): CodeIgniter\Model->insert(Object(stdClass))
 9 SYSTEMPATH/CodeIgniter.php(974): App\Controllers\Histori->create()
10 SYSTEMPATH/CodeIgniter.php(520): CodeIgniter\CodeIgniter->runController(Object(App\Controllers\Histori))
11 SYSTEMPATH/CodeIgniter.php(363): CodeIgniter\CodeIgniter->handleRequest(null, Object(Config\Cache), false)
12 SYSTEMPATH/Boot.php(417): CodeIgniter\CodeIgniter->run()
13 SYSTEMPATH/Boot.php(68): CodeIgniter\Boot::runCodeIgniter(Object(CodeIgniter\CodeIgniter))
14 FCPATH/index.php(59): CodeIgniter\Boot::bootWeb(Object(Config\Paths))
15 SYSTEMPATH/rewrite.php(44): require_once('/Users/rouf/Documents/UAS_Web2_312410157_Rouf/backend-api/public/index.php')
ERROR - 2026-06-15 21:01:26 --> Unknown column 'keterangan' in 'field list'
in SYSTEMPATH/Database/MySQLi/Connection.php on line 300.
 1 SYSTEMPATH/Database/MySQLi/Connection.php(300): mysqli->query('INSERT INTO `histori_transaksi` (`barang_id`, `jenis_transaksi`, `jumlah`, `tanggal`, `keterangan`) VALUES (\'1\', \'Keluar\', 2, \'2026-06-15\', \'\')', 0)
 2 SYSTEMPATH/Database/BaseConnection.php(908): CodeIgniter\Database\MySQLi\Connection->execute('INSERT INTO `histori_transaksi` (`barang_id`, `jenis_transaksi`, `jumlah`, `tanggal`, `keterangan`) VALUES (\'1\', \'Keluar\', 2, \'2026-06-15\', \'\')')
 3 SYSTEMPATH/Database/BaseConnection.php(825): CodeIgniter\Database\BaseConnection->simpleQuery('INSERT INTO `histori_transaksi` (`barang_id`, `jenis_transaksi`, `jumlah`, `tanggal`, `keterangan`) VALUES (\'1\', \'Keluar\', 2, \'2026-06-15\', \'\')')
 4 SYSTEMPATH/Database/BaseBuilder.php(2343): CodeIgniter\Database\BaseConnection->query('INSERT INTO `histori_transaksi` (`barang_id`, `jenis_transaksi`, `jumlah`, `tanggal`, `keterangan`) VALUES (:barang_id:, :jenis_transaksi:, :jumlah:, :tanggal:, :keterangan:)', [...], false)
 5 SYSTEMPATH/Model.php(357): CodeIgniter\Database\BaseBuilder->insert()
 6 SYSTEMPATH/BaseModel.php(899): CodeIgniter\Model->doInsert([...])
 7 SYSTEMPATH/Model.php(670): CodeIgniter\BaseModel->insert([...], true)
 8 APPPATH/Controllers/Histori.php(26): CodeIgniter\Model->insert(Object(stdClass))
 9 SYSTEMPATH/CodeIgniter.php(974): App\Controllers\Histori->create()
10 SYSTEMPATH/CodeIgniter.php(520): CodeIgniter\CodeIgniter->runController(Object(App\Controllers\Histori))
11 SYSTEMPATH/CodeIgniter.php(363): CodeIgniter\CodeIgniter->handleRequest(null, Object(Config\Cache), false)
12 SYSTEMPATH/Boot.php(417): CodeIgniter\CodeIgniter->run()
13 SYSTEMPATH/Boot.php(68): CodeIgniter\Boot::runCodeIgniter(Object(CodeIgniter\CodeIgniter))
14 FCPATH/index.php(59): CodeIgniter\Boot::bootWeb(Object(Config\Paths))
15 SYSTEMPATH/rewrite.php(44): require_once('/Users/rouf/Documents/UAS_Web2_312410157_Rouf/backend-api/public/index.php')
CRITICAL - 2026-06-15 21:01:26 --> CodeIgniter\Database\Exceptions\DatabaseException: Unknown column 'keterangan' in 'field list'
[Method: POST, Route: api/histori]
in SYSTEMPATH/Database/BaseConnection.php on line 863.
 1 SYSTEMPATH/Database/BaseBuilder.php(2343): CodeIgniter\Database\BaseConnection->query('INSERT INTO `histori_transaksi` (`barang_id`, `jenis_transaksi`, `jumlah`, `tanggal`, `keterangan`) VALUES (:barang_id:, :jenis_transaksi:, :jumlah:, :tanggal:, :keterangan:)', [...], false)
 2 SYSTEMPATH/Model.php(357): CodeIgniter\Database\BaseBuilder->insert()
 3 SYSTEMPATH/BaseModel.php(899): CodeIgniter\Model->doInsert([...])
 4 SYSTEMPATH/Model.php(670): CodeIgniter\BaseModel->insert([...], true)
 5 APPPATH/Controllers/Histori.php(26): CodeIgniter\Model->insert(Object(stdClass))
 6 SYSTEMPATH/CodeIgniter.php(974): App\Controllers\Histori->create()
 7 SYSTEMPATH/CodeIgniter.php(520): CodeIgniter\CodeIgniter->runController(Object(App\Controllers\Histori))
 8 SYSTEMPATH/CodeIgniter.php(363): CodeIgniter\CodeIgniter->handleRequest(null, Object(Config\Cache), false)
 9 SYSTEMPATH/Boot.php(417): CodeIgniter\CodeIgniter->run()
10 SYSTEMPATH/Boot.php(68): CodeIgniter\Boot::runCodeIgniter(Object(CodeIgniter\CodeIgniter))
11 FCPATH/index.php(59): CodeIgniter\Boot::bootWeb(Object(Config\Paths))
12 SYSTEMPATH/rewrite.php(44): require_once('/Users/rouf/Documents/UAS_Web2_312410157_Rouf/backend-api/public/index.php')
CRITICAL - 2026-06-15 21:01:26 --> [Caused by] CodeIgniter\Database\Exceptions\DatabaseException: Unknown column 'keterangan' in 'field list'
in SYSTEMPATH/Database/MySQLi/Connection.php on line 310.
 1 SYSTEMPATH/Database/BaseConnection.php(908): CodeIgniter\Database\MySQLi\Connection->execute('INSERT INTO `histori_transaksi` (`barang_id`, `jenis_transaksi`, `jumlah`, `tanggal`, `keterangan`) VALUES (\'1\', \'Keluar\', 2, \'2026-06-15\', \'\')')
 2 SYSTEMPATH/Database/BaseConnection.php(825): CodeIgniter\Database\BaseConnection->simpleQuery('INSERT INTO `histori_transaksi` (`barang_id`, `jenis_transaksi`, `jumlah`, `tanggal`, `keterangan`) VALUES (\'1\', \'Keluar\', 2, \'2026-06-15\', \'\')')
 3 SYSTEMPATH/Database/BaseBuilder.php(2343): CodeIgniter\Database\BaseConnection->query('INSERT INTO `histori_transaksi` (`barang_id`, `jenis_transaksi`, `jumlah`, `tanggal`, `keterangan`) VALUES (:barang_id:, :jenis_transaksi:, :jumlah:, :tanggal:, :keterangan:)', [...], false)
 4 SYSTEMPATH/Model.php(357): CodeIgniter\Database\BaseBuilder->insert()
 5 SYSTEMPATH/BaseModel.php(899): CodeIgniter\Model->doInsert([...])
 6 SYSTEMPATH/Model.php(670): CodeIgniter\BaseModel->insert([...], true)
 7 APPPATH/Controllers/Histori.php(26): CodeIgniter\Model->insert(Object(stdClass))
 8 SYSTEMPATH/CodeIgniter.php(974): App\Controllers\Histori->create()
 9 SYSTEMPATH/CodeIgniter.php(520): CodeIgniter\CodeIgniter->runController(Object(App\Controllers\Histori))
10 SYSTEMPATH/CodeIgniter.php(363): CodeIgniter\CodeIgniter->handleRequest(null, Object(Config\Cache), false)
11 SYSTEMPATH/Boot.php(417): CodeIgniter\CodeIgniter->run()
12 SYSTEMPATH/Boot.php(68): CodeIgniter\Boot::runCodeIgniter(Object(CodeIgniter\CodeIgniter))
13 FCPATH/index.php(59): CodeIgniter\Boot::bootWeb(Object(Config\Paths))
14 SYSTEMPATH/rewrite.php(44): require_once('/Users/rouf/Documents/UAS_Web2_312410157_Rouf/backend-api/public/index.php')
CRITICAL - 2026-06-15 21:01:26 --> [Caused by] mysqli_sql_exception: Unknown column 'keterangan' in 'field list'
in SYSTEMPATH/Database/MySQLi/Connection.php on line 300.
 1 SYSTEMPATH/Database/MySQLi/Connection.php(300): mysqli->query('INSERT INTO `histori_transaksi` (`barang_id`, `jenis_transaksi`, `jumlah`, `tanggal`, `keterangan`) VALUES (\'1\', \'Keluar\', 2, \'2026-06-15\', \'\')', 0)
 2 SYSTEMPATH/Database/BaseConnection.php(908): CodeIgniter\Database\MySQLi\Connection->execute('INSERT INTO `histori_transaksi` (`barang_id`, `jenis_transaksi`, `jumlah`, `tanggal`, `keterangan`) VALUES (\'1\', \'Keluar\', 2, \'2026-06-15\', \'\')')
 3 SYSTEMPATH/Database/BaseConnection.php(825): CodeIgniter\Database\BaseConnection->simpleQuery('INSERT INTO `histori_transaksi` (`barang_id`, `jenis_transaksi`, `jumlah`, `tanggal`, `keterangan`) VALUES (\'1\', \'Keluar\', 2, \'2026-06-15\', \'\')')
 4 SYSTEMPATH/Database/BaseBuilder.php(2343): CodeIgniter\Database\BaseConnection->query('INSERT INTO `histori_transaksi` (`barang_id`, `jenis_transaksi`, `jumlah`, `tanggal`, `keterangan`) VALUES (:barang_id:, :jenis_transaksi:, :jumlah:, :tanggal:, :keterangan:)', [...], false)
 5 SYSTEMPATH/Model.php(357): CodeIgniter\Database\BaseBuilder->insert()
 6 SYSTEMPATH/BaseModel.php(899): CodeIgniter\Model->doInsert([...])
 7 SYSTEMPATH/Model.php(670): CodeIgniter\BaseModel->insert([...], true)
 8 APPPATH/Controllers/Histori.php(26): CodeIgniter\Model->insert(Object(stdClass))
 9 SYSTEMPATH/CodeIgniter.php(974): App\Controllers\Histori->create()
10 SYSTEMPATH/CodeIgniter.php(520): CodeIgniter\CodeIgniter->runController(Object(App\Controllers\Histori))
11 SYSTEMPATH/CodeIgniter.php(363): CodeIgniter\CodeIgniter->handleRequest(null, Object(Config\Cache), false)
12 SYSTEMPATH/Boot.php(417): CodeIgniter\CodeIgniter->run()
13 SYSTEMPATH/Boot.php(68): CodeIgniter\Boot::runCodeIgniter(Object(CodeIgniter\CodeIgniter))
14 FCPATH/index.php(59): CodeIgniter\Boot::bootWeb(Object(Config\Paths))
15 SYSTEMPATH/rewrite.php(44): require_once('/Users/rouf/Documents/UAS_Web2_312410157_Rouf/backend-api/public/index.php')
ERROR - 2026-06-15 21:01:33 --> Unknown column 'keterangan' in 'field list'
in SYSTEMPATH/Database/MySQLi/Connection.php on line 300.
 1 SYSTEMPATH/Database/MySQLi/Connection.php(300): mysqli->query('INSERT INTO `histori_transaksi` (`barang_id`, `jenis_transaksi`, `jumlah`, `tanggal`, `keterangan`) VALUES (\'1\', \'Keluar\', 2, \'2026-06-15\', \'asa\')', 0)
 2 SYSTEMPATH/Database/BaseConnection.php(908): CodeIgniter\Database\MySQLi\Connection->execute('INSERT INTO `histori_transaksi` (`barang_id`, `jenis_transaksi`, `jumlah`, `tanggal`, `keterangan`) VALUES (\'1\', \'Keluar\', 2, \'2026-06-15\', \'asa\')')
 3 SYSTEMPATH/Database/BaseConnection.php(825): CodeIgniter\Database\BaseConnection->simpleQuery('INSERT INTO `histori_transaksi` (`barang_id`, `jenis_transaksi`, `jumlah`, `tanggal`, `keterangan`) VALUES (\'1\', \'Keluar\', 2, \'2026-06-15\', \'asa\')')
 4 SYSTEMPATH/Database/BaseBuilder.php(2343): CodeIgniter\Database\BaseConnection->query('INSERT INTO `histori_transaksi` (`barang_id`, `jenis_transaksi`, `jumlah`, `tanggal`, `keterangan`) VALUES (:barang_id:, :jenis_transaksi:, :jumlah:, :tanggal:, :keterangan:)', [...], false)
 5 SYSTEMPATH/Model.php(357): CodeIgniter\Database\BaseBuilder->insert()
 6 SYSTEMPATH/BaseModel.php(899): CodeIgniter\Model->doInsert([...])
 7 SYSTEMPATH/Model.php(670): CodeIgniter\BaseModel->insert([...], true)
 8 APPPATH/Controllers/Histori.php(26): CodeIgniter\Model->insert(Object(stdClass))
 9 SYSTEMPATH/CodeIgniter.php(974): App\Controllers\Histori->create()
10 SYSTEMPATH/CodeIgniter.php(520): CodeIgniter\CodeIgniter->runController(Object(App\Controllers\Histori))
11 SYSTEMPATH/CodeIgniter.php(363): CodeIgniter\CodeIgniter->handleRequest(null, Object(Config\Cache), false)
12 SYSTEMPATH/Boot.php(417): CodeIgniter\CodeIgniter->run()
13 SYSTEMPATH/Boot.php(68): CodeIgniter\Boot::runCodeIgniter(Object(CodeIgniter\CodeIgniter))
14 FCPATH/index.php(59): CodeIgniter\Boot::bootWeb(Object(Config\Paths))
15 SYSTEMPATH/rewrite.php(44): require_once('/Users/rouf/Documents/UAS_Web2_312410157_Rouf/backend-api/public/index.php')
CRITICAL - 2026-06-15 21:01:33 --> CodeIgniter\Database\Exceptions\DatabaseException: Unknown column 'keterangan' in 'field list'
[Method: POST, Route: api/histori]
in SYSTEMPATH/Database/BaseConnection.php on line 863.
 1 SYSTEMPATH/Database/BaseBuilder.php(2343): CodeIgniter\Database\BaseConnection->query('INSERT INTO `histori_transaksi` (`barang_id`, `jenis_transaksi`, `jumlah`, `tanggal`, `keterangan`) VALUES (:barang_id:, :jenis_transaksi:, :jumlah:, :tanggal:, :keterangan:)', [...], false)
 2 SYSTEMPATH/Model.php(357): CodeIgniter\Database\BaseBuilder->insert()
 3 SYSTEMPATH/BaseModel.php(899): CodeIgniter\Model->doInsert([...])
 4 SYSTEMPATH/Model.php(670): CodeIgniter\BaseModel->insert([...], true)
 5 APPPATH/Controllers/Histori.php(26): CodeIgniter\Model->insert(Object(stdClass))
 6 SYSTEMPATH/CodeIgniter.php(974): App\Controllers\Histori->create()
 7 SYSTEMPATH/CodeIgniter.php(520): CodeIgniter\CodeIgniter->runController(Object(App\Controllers\Histori))
 8 SYSTEMPATH/CodeIgniter.php(363): CodeIgniter\CodeIgniter->handleRequest(null, Object(Config\Cache), false)
 9 SYSTEMPATH/Boot.php(417): CodeIgniter\CodeIgniter->run()
10 SYSTEMPATH/Boot.php(68): CodeIgniter\Boot::runCodeIgniter(Object(CodeIgniter\CodeIgniter))
11 FCPATH/index.php(59): CodeIgniter\Boot::bootWeb(Object(Config\Paths))
12 SYSTEMPATH/rewrite.php(44): require_once('/Users/rouf/Documents/UAS_Web2_312410157_Rouf/backend-api/public/index.php')
CRITICAL - 2026-06-15 21:01:33 --> [Caused by] CodeIgniter\Database\Exceptions\DatabaseException: Unknown column 'keterangan' in 'field list'
in SYSTEMPATH/Database/MySQLi/Connection.php on line 310.
 1 SYSTEMPATH/Database/BaseConnection.php(908): CodeIgniter\Database\MySQLi\Connection->execute('INSERT INTO `histori_transaksi` (`barang_id`, `jenis_transaksi`, `jumlah`, `tanggal`, `keterangan`) VALUES (\'1\', \'Keluar\', 2, \'2026-06-15\', \'asa\')')
 2 SYSTEMPATH/Database/BaseConnection.php(825): CodeIgniter\Database\BaseConnection->simpleQuery('INSERT INTO `histori_transaksi` (`barang_id`, `jenis_transaksi`, `jumlah`, `tanggal`, `keterangan`) VALUES (\'1\', \'Keluar\', 2, \'2026-06-15\', \'asa\')')
 3 SYSTEMPATH/Database/BaseBuilder.php(2343): CodeIgniter\Database\BaseConnection->query('INSERT INTO `histori_transaksi` (`barang_id`, `jenis_transaksi`, `jumlah`, `tanggal`, `keterangan`) VALUES (:barang_id:, :jenis_transaksi:, :jumlah:, :tanggal:, :keterangan:)', [...], false)
 4 SYSTEMPATH/Model.php(357): CodeIgniter\Database\BaseBuilder->insert()
 5 SYSTEMPATH/BaseModel.php(899): CodeIgniter\Model->doInsert([...])
 6 SYSTEMPATH/Model.php(670): CodeIgniter\BaseModel->insert([...], true)
 7 APPPATH/Controllers/Histori.php(26): CodeIgniter\Model->insert(Object(stdClass))
 8 SYSTEMPATH/CodeIgniter.php(974): App\Controllers\Histori->create()
 9 SYSTEMPATH/CodeIgniter.php(520): CodeIgniter\CodeIgniter->runController(Object(App\Controllers\Histori))
10 SYSTEMPATH/CodeIgniter.php(363): CodeIgniter\CodeIgniter->handleRequest(null, Object(Config\Cache), false)
11 SYSTEMPATH/Boot.php(417): CodeIgniter\CodeIgniter->run()
12 SYSTEMPATH/Boot.php(68): CodeIgniter\Boot::runCodeIgniter(Object(CodeIgniter\CodeIgniter))
13 FCPATH/index.php(59): CodeIgniter\Boot::bootWeb(Object(Config\Paths))
14 SYSTEMPATH/rewrite.php(44): require_once('/Users/rouf/Documents/UAS_Web2_312410157_Rouf/backend-api/public/index.php')
CRITICAL - 2026-06-15 21:01:33 --> [Caused by] mysqli_sql_exception: Unknown column 'keterangan' in 'field list'
in SYSTEMPATH/Database/MySQLi/Connection.php on line 300.
 1 SYSTEMPATH/Database/MySQLi/Connection.php(300): mysqli->query('INSERT INTO `histori_transaksi` (`barang_id`, `jenis_transaksi`, `jumlah`, `tanggal`, `keterangan`) VALUES (\'1\', \'Keluar\', 2, \'2026-06-15\', \'asa\')', 0)
 2 SYSTEMPATH/Database/BaseConnection.php(908): CodeIgniter\Database\MySQLi\Connection->execute('INSERT INTO `histori_transaksi` (`barang_id`, `jenis_transaksi`, `jumlah`, `tanggal`, `keterangan`) VALUES (\'1\', \'Keluar\', 2, \'2026-06-15\', \'asa\')')
 3 SYSTEMPATH/Database/BaseConnection.php(825): CodeIgniter\Database\BaseConnection->simpleQuery('INSERT INTO `histori_transaksi` (`barang_id`, `jenis_transaksi`, `jumlah`, `tanggal`, `keterangan`) VALUES (\'1\', \'Keluar\', 2, \'2026-06-15\', \'asa\')')
 4 SYSTEMPATH/Database/BaseBuilder.php(2343): CodeIgniter\Database\BaseConnection->query('INSERT INTO `histori_transaksi` (`barang_id`, `jenis_transaksi`, `jumlah`, `tanggal`, `keterangan`) VALUES (:barang_id:, :jenis_transaksi:, :jumlah:, :tanggal:, :keterangan:)', [...], false)
 5 SYSTEMPATH/Model.php(357): CodeIgniter\Database\BaseBuilder->insert()
 6 SYSTEMPATH/BaseModel.php(899): CodeIgniter\Model->doInsert([...])
 7 SYSTEMPATH/Model.php(670): CodeIgniter\BaseModel->insert([...], true)
 8 APPPATH/Controllers/Histori.php(26): CodeIgniter\Model->insert(Object(stdClass))
 9 SYSTEMPATH/CodeIgniter.php(974): App\Controllers\Histori->create()
10 SYSTEMPATH/CodeIgniter.php(520): CodeIgniter\CodeIgniter->runController(Object(App\Controllers\Histori))
11 SYSTEMPATH/CodeIgniter.php(363): CodeIgniter\CodeIgniter->handleRequest(null, Object(Config\Cache), false)
12 SYSTEMPATH/Boot.php(417): CodeIgniter\CodeIgniter->run()
13 SYSTEMPATH/Boot.php(68): CodeIgniter\Boot::runCodeIgniter(Object(CodeIgniter\CodeIgniter))
14 FCPATH/index.php(59): CodeIgniter\Boot::bootWeb(Object(Config\Paths))
15 SYSTEMPATH/rewrite.php(44): require_once('/Users/rouf/Documents/UAS_Web2_312410157_Rouf/backend-api/public/index.php')
ERROR - 2026-06-15 21:01:43 --> Unknown column 'keterangan' in 'field list'
in SYSTEMPATH/Database/MySQLi/Connection.php on line 300.
 1 SYSTEMPATH/Database/MySQLi/Connection.php(300): mysqli->query('INSERT INTO `histori_transaksi` (`barang_id`, `jenis_transaksi`, `jumlah`, `tanggal`, `keterangan`) VALUES (\'1\', \'Keluar\', 2, \'2026-06-16\', \'asa\')', 0)
 2 SYSTEMPATH/Database/BaseConnection.php(908): CodeIgniter\Database\MySQLi\Connection->execute('INSERT INTO `histori_transaksi` (`barang_id`, `jenis_transaksi`, `jumlah`, `tanggal`, `keterangan`) VALUES (\'1\', \'Keluar\', 2, \'2026-06-16\', \'asa\')')
 3 SYSTEMPATH/Database/BaseConnection.php(825): CodeIgniter\Database\BaseConnection->simpleQuery('INSERT INTO `histori_transaksi` (`barang_id`, `jenis_transaksi`, `jumlah`, `tanggal`, `keterangan`) VALUES (\'1\', \'Keluar\', 2, \'2026-06-16\', \'asa\')')
 4 SYSTEMPATH/Database/BaseBuilder.php(2343): CodeIgniter\Database\BaseConnection->query('INSERT INTO `histori_transaksi` (`barang_id`, `jenis_transaksi`, `jumlah`, `tanggal`, `keterangan`) VALUES (:barang_id:, :jenis_transaksi:, :jumlah:, :tanggal:, :keterangan:)', [...], false)
 5 SYSTEMPATH/Model.php(357): CodeIgniter\Database\BaseBuilder->insert()
 6 SYSTEMPATH/BaseModel.php(899): CodeIgniter\Model->doInsert([...])
 7 SYSTEMPATH/Model.php(670): CodeIgniter\BaseModel->insert([...], true)
 8 APPPATH/Controllers/Histori.php(26): CodeIgniter\Model->insert(Object(stdClass))
 9 SYSTEMPATH/CodeIgniter.php(974): App\Controllers\Histori->create()
10 SYSTEMPATH/CodeIgniter.php(520): CodeIgniter\CodeIgniter->runController(Object(App\Controllers\Histori))
11 SYSTEMPATH/CodeIgniter.php(363): CodeIgniter\CodeIgniter->handleRequest(null, Object(Config\Cache), false)
12 SYSTEMPATH/Boot.php(417): CodeIgniter\CodeIgniter->run()
13 SYSTEMPATH/Boot.php(68): CodeIgniter\Boot::runCodeIgniter(Object(CodeIgniter\CodeIgniter))
14 FCPATH/index.php(59): CodeIgniter\Boot::bootWeb(Object(Config\Paths))
15 SYSTEMPATH/rewrite.php(44): require_once('/Users/rouf/Documents/UAS_Web2_312410157_Rouf/backend-api/public/index.php')
CRITICAL - 2026-06-15 21:01:43 --> CodeIgniter\Database\Exceptions\DatabaseException: Unknown column 'keterangan' in 'field list'
[Method: POST, Route: api/histori]
in SYSTEMPATH/Database/BaseConnection.php on line 863.
 1 SYSTEMPATH/Database/BaseBuilder.php(2343): CodeIgniter\Database\BaseConnection->query('INSERT INTO `histori_transaksi` (`barang_id`, `jenis_transaksi`, `jumlah`, `tanggal`, `keterangan`) VALUES (:barang_id:, :jenis_transaksi:, :jumlah:, :tanggal:, :keterangan:)', [...], false)
 2 SYSTEMPATH/Model.php(357): CodeIgniter\Database\BaseBuilder->insert()
 3 SYSTEMPATH/BaseModel.php(899): CodeIgniter\Model->doInsert([...])
 4 SYSTEMPATH/Model.php(670): CodeIgniter\BaseModel->insert([...], true)
 5 APPPATH/Controllers/Histori.php(26): CodeIgniter\Model->insert(Object(stdClass))
 6 SYSTEMPATH/CodeIgniter.php(974): App\Controllers\Histori->create()
 7 SYSTEMPATH/CodeIgniter.php(520): CodeIgniter\CodeIgniter->runController(Object(App\Controllers\Histori))
 8 SYSTEMPATH/CodeIgniter.php(363): CodeIgniter\CodeIgniter->handleRequest(null, Object(Config\Cache), false)
 9 SYSTEMPATH/Boot.php(417): CodeIgniter\CodeIgniter->run()
10 SYSTEMPATH/Boot.php(68): CodeIgniter\Boot::runCodeIgniter(Object(CodeIgniter\CodeIgniter))
11 FCPATH/index.php(59): CodeIgniter\Boot::bootWeb(Object(Config\Paths))
12 SYSTEMPATH/rewrite.php(44): require_once('/Users/rouf/Documents/UAS_Web2_312410157_Rouf/backend-api/public/index.php')
CRITICAL - 2026-06-15 21:01:43 --> [Caused by] CodeIgniter\Database\Exceptions\DatabaseException: Unknown column 'keterangan' in 'field list'
in SYSTEMPATH/Database/MySQLi/Connection.php on line 310.
 1 SYSTEMPATH/Database/BaseConnection.php(908): CodeIgniter\Database\MySQLi\Connection->execute('INSERT INTO `histori_transaksi` (`barang_id`, `jenis_transaksi`, `jumlah`, `tanggal`, `keterangan`) VALUES (\'1\', \'Keluar\', 2, \'2026-06-16\', \'asa\')')
 2 SYSTEMPATH/Database/BaseConnection.php(825): CodeIgniter\Database\BaseConnection->simpleQuery('INSERT INTO `histori_transaksi` (`barang_id`, `jenis_transaksi`, `jumlah`, `tanggal`, `keterangan`) VALUES (\'1\', \'Keluar\', 2, \'2026-06-16\', \'asa\')')
 3 SYSTEMPATH/Database/BaseBuilder.php(2343): CodeIgniter\Database\BaseConnection->query('INSERT INTO `histori_transaksi` (`barang_id`, `jenis_transaksi`, `jumlah`, `tanggal`, `keterangan`) VALUES (:barang_id:, :jenis_transaksi:, :jumlah:, :tanggal:, :keterangan:)', [...], false)
 4 SYSTEMPATH/Model.php(357): CodeIgniter\Database\BaseBuilder->insert()
 5 SYSTEMPATH/BaseModel.php(899): CodeIgniter\Model->doInsert([...])
 6 SYSTEMPATH/Model.php(670): CodeIgniter\BaseModel->insert([...], true)
 7 APPPATH/Controllers/Histori.php(26): CodeIgniter\Model->insert(Object(stdClass))
 8 SYSTEMPATH/CodeIgniter.php(974): App\Controllers\Histori->create()
 9 SYSTEMPATH/CodeIgniter.php(520): CodeIgniter\CodeIgniter->runController(Object(App\Controllers\Histori))
10 SYSTEMPATH/CodeIgniter.php(363): CodeIgniter\CodeIgniter->handleRequest(null, Object(Config\Cache), false)
11 SYSTEMPATH/Boot.php(417): CodeIgniter\CodeIgniter->run()
12 SYSTEMPATH/Boot.php(68): CodeIgniter\Boot::runCodeIgniter(Object(CodeIgniter\CodeIgniter))
13 FCPATH/index.php(59): CodeIgniter\Boot::bootWeb(Object(Config\Paths))
14 SYSTEMPATH/rewrite.php(44): require_once('/Users/rouf/Documents/UAS_Web2_312410157_Rouf/backend-api/public/index.php')
CRITICAL - 2026-06-15 21:01:43 --> [Caused by] mysqli_sql_exception: Unknown column 'keterangan' in 'field list'
in SYSTEMPATH/Database/MySQLi/Connection.php on line 300.
 1 SYSTEMPATH/Database/MySQLi/Connection.php(300): mysqli->query('INSERT INTO `histori_transaksi` (`barang_id`, `jenis_transaksi`, `jumlah`, `tanggal`, `keterangan`) VALUES (\'1\', \'Keluar\', 2, \'2026-06-16\', \'asa\')', 0)
 2 SYSTEMPATH/Database/BaseConnection.php(908): CodeIgniter\Database\MySQLi\Connection->execute('INSERT INTO `histori_transaksi` (`barang_id`, `jenis_transaksi`, `jumlah`, `tanggal`, `keterangan`) VALUES (\'1\', \'Keluar\', 2, \'2026-06-16\', \'asa\')')
 3 SYSTEMPATH/Database/BaseConnection.php(825): CodeIgniter\Database\BaseConnection->simpleQuery('INSERT INTO `histori_transaksi` (`barang_id`, `jenis_transaksi`, `jumlah`, `tanggal`, `keterangan`) VALUES (\'1\', \'Keluar\', 2, \'2026-06-16\', \'asa\')')
 4 SYSTEMPATH/Database/BaseBuilder.php(2343): CodeIgniter\Database\BaseConnection->query('INSERT INTO `histori_transaksi` (`barang_id`, `jenis_transaksi`, `jumlah`, `tanggal`, `keterangan`) VALUES (:barang_id:, :jenis_transaksi:, :jumlah:, :tanggal:, :keterangan:)', [...], false)
 5 SYSTEMPATH/Model.php(357): CodeIgniter\Database\BaseBuilder->insert()
 6 SYSTEMPATH/BaseModel.php(899): CodeIgniter\Model->doInsert([...])
 7 SYSTEMPATH/Model.php(670): CodeIgniter\BaseModel->insert([...], true)
 8 APPPATH/Controllers/Histori.php(26): CodeIgniter\Model->insert(Object(stdClass))
 9 SYSTEMPATH/CodeIgniter.php(974): App\Controllers\Histori->create()
10 SYSTEMPATH/CodeIgniter.php(520): CodeIgniter\CodeIgniter->runController(Object(App\Controllers\Histori))
11 SYSTEMPATH/CodeIgniter.php(363): CodeIgniter\CodeIgniter->handleRequest(null, Object(Config\Cache), false)
12 SYSTEMPATH/Boot.php(417): CodeIgniter\CodeIgniter->run()
13 SYSTEMPATH/Boot.php(68): CodeIgniter\Boot::runCodeIgniter(Object(CodeIgniter\CodeIgniter))
14 FCPATH/index.php(59): CodeIgniter\Boot::bootWeb(Object(Config\Paths))
15 SYSTEMPATH/rewrite.php(44): require_once('/Users/rouf/Documents/UAS_Web2_312410157_Rouf/backend-api/public/index.php')
