ERROR - 2026-06-16 09:43:51 --> Error connecting to the database: mysqli_sql_exception: Connection refused in /Users/rouf/Documents/UAS_Web2_312410157_Rouf/backend-api/vendor/codeigniter4/framework/system/Database/MySQLi/Connection.php:201
Stack trace:
#0 /Users/rouf/Documents/UAS_Web2_312410157_Rouf/backend-api/vendor/codeigniter4/framework/system/Database/MySQLi/Connection.php(201): mysqli->real_connect('127.0.0.1', 'root', Object(SensitiveParameterValue), 'db_inventory', 3306, '', 0)
#1 /Users/rouf/Documents/UAS_Web2_312410157_Rouf/backend-api/vendor/codeigniter4/framework/system/Database/BaseConnection.php(555): CodeIgniter\Database\MySQLi\Connection->connect(false)
#2 /Users/rouf/Documents/UAS_Web2_312410157_Rouf/backend-api/vendor/codeigniter4/framework/system/Database/BaseConnection.php(795): CodeIgniter\Database\BaseConnection->initialize()
#3 /Users/rouf/Documents/UAS_Web2_312410157_Rouf/backend-api/vendor/codeigniter4/framework/system/Database/BaseBuilder.php(1647): CodeIgniter\Database\BaseConnection->query('SELECT `barang`...', Array, false)
#4 /Users/rouf/Documents/UAS_Web2_312410157_Rouf/backend-api/vendor/codeigniter4/framework/system/Model.php(255): CodeIgniter\Database\BaseBuilder->get()
#5 /Users/rouf/Documents/UAS_Web2_312410157_Rouf/backend-api/vendor/codeigniter4/framework/system/BaseModel.php(676): CodeIgniter\Model->doFindAll(0, 0)
#6 /Users/rouf/Documents/UAS_Web2_312410157_Rouf/backend-api/app/Controllers/Barang.php(17): CodeIgniter\BaseModel->findAll()
#7 /Users/rouf/Documents/UAS_Web2_312410157_Rouf/backend-api/vendor/codeigniter4/framework/system/CodeIgniter.php(974): App\Controllers\Barang->index()
#8 /Users/rouf/Documents/UAS_Web2_312410157_Rouf/backend-api/vendor/codeigniter4/framework/system/CodeIgniter.php(520): CodeIgniter\CodeIgniter->runController(Object(App\Controllers\Barang))
#9 /Users/rouf/Documents/UAS_Web2_312410157_Rouf/backend-api/vendor/codeigniter4/framework/system/CodeIgniter.php(363): CodeIgniter\CodeIgniter->handleRequest(NULL, Object(Config\Cache), false)
#10 /Users/rouf/Documents/UAS_Web2_312410157_Rouf/backend-api/vendor/codeigniter4/framework/system/Boot.php(417): CodeIgniter\CodeIgniter->run()
#11 /Users/rouf/Documents/UAS_Web2_312410157_Rouf/backend-api/vendor/codeigniter4/framework/system/Boot.php(68): CodeIgniter\Boot::runCodeIgniter(Object(CodeIgniter\CodeIgniter))
#12 /Users/rouf/Documents/UAS_Web2_312410157_Rouf/backend-api/public/index.php(59): CodeIgniter\Boot::bootWeb(Object(Config\Paths))
#13 /Users/rouf/Documents/UAS_Web2_312410157_Rouf/backend-api/vendor/codeigniter4/framework/system/rewrite.php(44): require_once('/Users/rouf/Doc...')
#14 {main}

Next CodeIgniter\Database\Exceptions\DatabaseException: Connection refused in /Users/rouf/Documents/UAS_Web2_312410157_Rouf/backend-api/vendor/codeigniter4/framework/system/Database/MySQLi/Connection.php:231
Stack trace:
#0 /Users/rouf/Documents/UAS_Web2_312410157_Rouf/backend-api/vendor/codeigniter4/framework/system/Database/BaseConnection.php(555): CodeIgniter\Database\MySQLi\Connection->connect(false)
#1 /Users/rouf/Documents/UAS_Web2_312410157_Rouf/backend-api/vendor/codeigniter4/framework/system/Database/BaseConnection.php(795): CodeIgniter\Database\BaseConnection->initialize()
#2 /Users/rouf/Documents/UAS_Web2_312410157_Rouf/backend-api/vendor/codeigniter4/framework/system/Database/BaseBuilder.php(1647): CodeIgniter\Database\BaseConnection->query('SELECT `barang`...', Array, false)
#3 /Users/rouf/Documents/UAS_Web2_312410157_Rouf/backend-api/vendor/codeigniter4/framework/system/Model.php(255): CodeIgniter\Database\BaseBuilder->get()
#4 /Users/rouf/Documents/UAS_Web2_312410157_Rouf/backend-api/vendor/codeigniter4/framework/system/BaseModel.php(676): CodeIgniter\Model->doFindAll(0, 0)
#5 /Users/rouf/Documents/UAS_Web2_312410157_Rouf/backend-api/app/Controllers/Barang.php(17): CodeIgniter\BaseModel->findAll()
#6 /Users/rouf/Documents/UAS_Web2_312410157_Rouf/backend-api/vendor/codeigniter4/framework/system/CodeIgniter.php(974): App\Controllers\Barang->index()
#7 /Users/rouf/Documents/UAS_Web2_312410157_Rouf/backend-api/vendor/codeigniter4/framework/system/CodeIgniter.php(520): CodeIgniter\CodeIgniter->runController(Object(App\Controllers\Barang))
#8 /Users/rouf/Documents/UAS_Web2_312410157_Rouf/backend-api/vendor/codeigniter4/framework/system/CodeIgniter.php(363): CodeIgniter\CodeIgniter->handleRequest(NULL, Object(Config\Cache), false)
#9 /Users/rouf/Documents/UAS_Web2_312410157_Rouf/backend-api/vendor/codeigniter4/framework/system/Boot.php(417): CodeIgniter\CodeIgniter->run()
#10 /Users/rouf/Documents/UAS_Web2_312410157_Rouf/backend-api/vendor/codeigniter4/framework/system/Boot.php(68): CodeIgniter\Boot::runCodeIgniter(Object(CodeIgniter\CodeIgniter))
#11 /Users/rouf/Documents/UAS_Web2_312410157_Rouf/backend-api/public/index.php(59): CodeIgniter\Boot::bootWeb(Object(Config\Paths))
#12 /Users/rouf/Documents/UAS_Web2_312410157_Rouf/backend-api/vendor/codeigniter4/framework/system/rewrite.php(44): require_once('/Users/rouf/Doc...')
#13 {main}
CRITICAL - 2026-06-16 09:43:51 --> CodeIgniter\Database\Exceptions\DatabaseException: Unable to connect to the database.
Main connection [MySQLi]: Connection refused
[Method: GET, Route: api/barang]
in SYSTEMPATH/Database/BaseConnection.php on line 606.
 1 SYSTEMPATH/Database/BaseConnection.php(795): CodeIgniter\Database\BaseConnection->initialize()
 2 SYSTEMPATH/Database/BaseBuilder.php(1647): CodeIgniter\Database\BaseConnection->query('SELECT `barang`.*, `kategori`.`nama_kategori`
FROM `barang`
LEFT JOIN `kategori` ON `kategori`.`id` = `barang`.`kategori_id`', [], false)
 3 SYSTEMPATH/Model.php(255): CodeIgniter\Database\BaseBuilder->get()
 4 SYSTEMPATH/BaseModel.php(676): CodeIgniter\Model->doFindAll(0, 0)
 5 APPPATH/Controllers/Barang.php(17): CodeIgniter\BaseModel->findAll()
 6 SYSTEMPATH/CodeIgniter.php(974): App\Controllers\Barang->index()
 7 SYSTEMPATH/CodeIgniter.php(520): CodeIgniter\CodeIgniter->runController(Object(App\Controllers\Barang))
 8 SYSTEMPATH/CodeIgniter.php(363): CodeIgniter\CodeIgniter->handleRequest(null, Object(Config\Cache), false)
 9 SYSTEMPATH/Boot.php(417): CodeIgniter\CodeIgniter->run()
10 SYSTEMPATH/Boot.php(68): CodeIgniter\Boot::runCodeIgniter(Object(CodeIgniter\CodeIgniter))
11 FCPATH/index.php(59): CodeIgniter\Boot::bootWeb(Object(Config\Paths))
12 SYSTEMPATH/rewrite.php(44): require_once('/Users/rouf/Documents/UAS_Web2_312410157_Rouf/backend-api/public/index.php')
ERROR - 2026-06-16 09:43:57 --> Error connecting to the database: mysqli_sql_exception: Connection refused in /Users/rouf/Documents/UAS_Web2_312410157_Rouf/backend-api/vendor/codeigniter4/framework/system/Database/MySQLi/Connection.php:201
Stack trace:
#0 /Users/rouf/Documents/UAS_Web2_312410157_Rouf/backend-api/vendor/codeigniter4/framework/system/Database/MySQLi/Connection.php(201): mysqli->real_connect('127.0.0.1', 'root', Object(SensitiveParameterValue), 'db_inventory', 3306, '', 0)
#1 /Users/rouf/Documents/UAS_Web2_312410157_Rouf/backend-api/vendor/codeigniter4/framework/system/Database/BaseConnection.php(555): CodeIgniter\Database\MySQLi\Connection->connect(false)
#2 /Users/rouf/Documents/UAS_Web2_312410157_Rouf/backend-api/vendor/codeigniter4/framework/system/Database/BaseConnection.php(795): CodeIgniter\Database\BaseConnection->initialize()
#3 /Users/rouf/Documents/UAS_Web2_312410157_Rouf/backend-api/vendor/codeigniter4/framework/system/Database/BaseBuilder.php(1647): CodeIgniter\Database\BaseConnection->query('SELECT *\nFROM `...', Array, false)
#4 /Users/rouf/Documents/UAS_Web2_312410157_Rouf/backend-api/vendor/codeigniter4/framework/system/Model.php(255): CodeIgniter\Database\BaseBuilder->get()
#5 /Users/rouf/Documents/UAS_Web2_312410157_Rouf/backend-api/vendor/codeigniter4/framework/system/BaseModel.php(676): CodeIgniter\Model->doFindAll(0, 0)
#6 /Users/rouf/Documents/UAS_Web2_312410157_Rouf/backend-api/app/Controllers/Kategori.php(17): CodeIgniter\BaseModel->findAll()
#7 /Users/rouf/Documents/UAS_Web2_312410157_Rouf/backend-api/vendor/codeigniter4/framework/system/CodeIgniter.php(974): App\Controllers\Kategori->index()
#8 /Users/rouf/Documents/UAS_Web2_312410157_Rouf/backend-api/vendor/codeigniter4/framework/system/CodeIgniter.php(520): CodeIgniter\CodeIgniter->runController(Object(App\Controllers\Kategori))
#9 /Users/rouf/Documents/UAS_Web2_312410157_Rouf/backend-api/vendor/codeigniter4/framework/system/CodeIgniter.php(363): CodeIgniter\CodeIgniter->handleRequest(NULL, Object(Config\Cache), false)
#10 /Users/rouf/Documents/UAS_Web2_312410157_Rouf/backend-api/vendor/codeigniter4/framework/system/Boot.php(417): CodeIgniter\CodeIgniter->run()
#11 /Users/rouf/Documents/UAS_Web2_312410157_Rouf/backend-api/vendor/codeigniter4/framework/system/Boot.php(68): CodeIgniter\Boot::runCodeIgniter(Object(CodeIgniter\CodeIgniter))
#12 /Users/rouf/Documents/UAS_Web2_312410157_Rouf/backend-api/public/index.php(59): CodeIgniter\Boot::bootWeb(Object(Config\Paths))
#13 /Users/rouf/Documents/UAS_Web2_312410157_Rouf/backend-api/vendor/codeigniter4/framework/system/rewrite.php(44): require_once('/Users/rouf/Doc...')
#14 {main}

Next CodeIgniter\Database\Exceptions\DatabaseException: Connection refused in /Users/rouf/Documents/UAS_Web2_312410157_Rouf/backend-api/vendor/codeigniter4/framework/system/Database/MySQLi/Connection.php:231
Stack trace:
#0 /Users/rouf/Documents/UAS_Web2_312410157_Rouf/backend-api/vendor/codeigniter4/framework/system/Database/BaseConnection.php(555): CodeIgniter\Database\MySQLi\Connection->connect(false)
#1 /Users/rouf/Documents/UAS_Web2_312410157_Rouf/backend-api/vendor/codeigniter4/framework/system/Database/BaseConnection.php(795): CodeIgniter\Database\BaseConnection->initialize()
#2 /Users/rouf/Documents/UAS_Web2_312410157_Rouf/backend-api/vendor/codeigniter4/framework/system/Database/BaseBuilder.php(1647): CodeIgniter\Database\BaseConnection->query('SELECT *\nFROM `...', Array, false)
#3 /Users/rouf/Documents/UAS_Web2_312410157_Rouf/backend-api/vendor/codeigniter4/framework/system/Model.php(255): CodeIgniter\Database\BaseBuilder->get()
#4 /Users/rouf/Documents/UAS_Web2_312410157_Rouf/backend-api/vendor/codeigniter4/framework/system/BaseModel.php(676): CodeIgniter\Model->doFindAll(0, 0)
#5 /Users/rouf/Documents/UAS_Web2_312410157_Rouf/backend-api/app/Controllers/Kategori.php(17): CodeIgniter\BaseModel->findAll()
#6 /Users/rouf/Documents/UAS_Web2_312410157_Rouf/backend-api/vendor/codeigniter4/framework/system/CodeIgniter.php(974): App\Controllers\Kategori->index()
#7 /Users/rouf/Documents/UAS_Web2_312410157_Rouf/backend-api/vendor/codeigniter4/framework/system/CodeIgniter.php(520): CodeIgniter\CodeIgniter->runController(Object(App\Controllers\Kategori))
#8 /Users/rouf/Documents/UAS_Web2_312410157_Rouf/backend-api/vendor/codeigniter4/framework/system/CodeIgniter.php(363): CodeIgniter\CodeIgniter->handleRequest(NULL, Object(Config\Cache), false)
#9 /Users/rouf/Documents/UAS_Web2_312410157_Rouf/backend-api/vendor/codeigniter4/framework/system/Boot.php(417): CodeIgniter\CodeIgniter->run()
#10 /Users/rouf/Documents/UAS_Web2_312410157_Rouf/backend-api/vendor/codeigniter4/framework/system/Boot.php(68): CodeIgniter\Boot::runCodeIgniter(Object(CodeIgniter\CodeIgniter))
#11 /Users/rouf/Documents/UAS_Web2_312410157_Rouf/backend-api/public/index.php(59): CodeIgniter\Boot::bootWeb(Object(Config\Paths))
#12 /Users/rouf/Documents/UAS_Web2_312410157_Rouf/backend-api/vendor/codeigniter4/framework/system/rewrite.php(44): require_once('/Users/rouf/Doc...')
#13 {main}
CRITICAL - 2026-06-16 09:43:57 --> CodeIgniter\Database\Exceptions\DatabaseException: Unable to connect to the database.
Main connection [MySQLi]: Connection refused
[Method: GET, Route: api/kategori]
in SYSTEMPATH/Database/BaseConnection.php on line 606.
 1 SYSTEMPATH/Database/BaseConnection.php(795): CodeIgniter\Database\BaseConnection->initialize()
 2 SYSTEMPATH/Database/BaseBuilder.php(1647): CodeIgniter\Database\BaseConnection->query('SELECT *
FROM `kategori`', [], false)
 3 SYSTEMPATH/Model.php(255): CodeIgniter\Database\BaseBuilder->get()
 4 SYSTEMPATH/BaseModel.php(676): CodeIgniter\Model->doFindAll(0, 0)
 5 APPPATH/Controllers/Kategori.php(17): CodeIgniter\BaseModel->findAll()
 6 SYSTEMPATH/CodeIgniter.php(974): App\Controllers\Kategori->index()
 7 SYSTEMPATH/CodeIgniter.php(520): CodeIgniter\CodeIgniter->runController(Object(App\Controllers\Kategori))
 8 SYSTEMPATH/CodeIgniter.php(363): CodeIgniter\CodeIgniter->handleRequest(null, Object(Config\Cache), false)
 9 SYSTEMPATH/Boot.php(417): CodeIgniter\CodeIgniter->run()
10 SYSTEMPATH/Boot.php(68): CodeIgniter\Boot::runCodeIgniter(Object(CodeIgniter\CodeIgniter))
11 FCPATH/index.php(59): CodeIgniter\Boot::bootWeb(Object(Config\Paths))
12 SYSTEMPATH/rewrite.php(44): require_once('/Users/rouf/Documents/UAS_Web2_312410157_Rouf/backend-api/public/index.php')
ERROR - 2026-06-16 09:43:58 --> Error connecting to the database: mysqli_sql_exception: Connection refused in /Users/rouf/Documents/UAS_Web2_312410157_Rouf/backend-api/vendor/codeigniter4/framework/system/Database/MySQLi/Connection.php:201
Stack trace:
#0 /Users/rouf/Documents/UAS_Web2_312410157_Rouf/backend-api/vendor/codeigniter4/framework/system/Database/MySQLi/Connection.php(201): mysqli->real_connect('127.0.0.1', 'root', Object(SensitiveParameterValue), 'db_inventory', 3306, '', 0)
#1 /Users/rouf/Documents/UAS_Web2_312410157_Rouf/backend-api/vendor/codeigniter4/framework/system/Database/BaseConnection.php(555): CodeIgniter\Database\MySQLi\Connection->connect(false)
#2 /Users/rouf/Documents/UAS_Web2_312410157_Rouf/backend-api/vendor/codeigniter4/framework/system/Database/BaseConnection.php(795): CodeIgniter\Database\BaseConnection->initialize()
#3 /Users/rouf/Documents/UAS_Web2_312410157_Rouf/backend-api/vendor/codeigniter4/framework/system/Database/BaseBuilder.php(1647): CodeIgniter\Database\BaseConnection->query('SELECT `barang`...', Array, false)
#4 /Users/rouf/Documents/UAS_Web2_312410157_Rouf/backend-api/vendor/codeigniter4/framework/system/Model.php(255): CodeIgniter\Database\BaseBuilder->get()
#5 /Users/rouf/Documents/UAS_Web2_312410157_Rouf/backend-api/vendor/codeigniter4/framework/system/BaseModel.php(676): CodeIgniter\Model->doFindAll(0, 0)
#6 /Users/rouf/Documents/UAS_Web2_312410157_Rouf/backend-api/app/Controllers/Barang.php(17): CodeIgniter\BaseModel->findAll()
#7 /Users/rouf/Documents/UAS_Web2_312410157_Rouf/backend-api/vendor/codeigniter4/framework/system/CodeIgniter.php(974): App\Controllers\Barang->index()
#8 /Users/rouf/Documents/UAS_Web2_312410157_Rouf/backend-api/vendor/codeigniter4/framework/system/CodeIgniter.php(520): CodeIgniter\CodeIgniter->runController(Object(App\Controllers\Barang))
#9 /Users/rouf/Documents/UAS_Web2_312410157_Rouf/backend-api/vendor/codeigniter4/framework/system/CodeIgniter.php(363): CodeIgniter\CodeIgniter->handleRequest(NULL, Object(Config\Cache), false)
#10 /Users/rouf/Documents/UAS_Web2_312410157_Rouf/backend-api/vendor/codeigniter4/framework/system/Boot.php(417): CodeIgniter\CodeIgniter->run()
#11 /Users/rouf/Documents/UAS_Web2_312410157_Rouf/backend-api/vendor/codeigniter4/framework/system/Boot.php(68): CodeIgniter\Boot::runCodeIgniter(Object(CodeIgniter\CodeIgniter))
#12 /Users/rouf/Documents/UAS_Web2_312410157_Rouf/backend-api/public/index.php(59): CodeIgniter\Boot::bootWeb(Object(Config\Paths))
#13 /Users/rouf/Documents/UAS_Web2_312410157_Rouf/backend-api/vendor/codeigniter4/framework/system/rewrite.php(44): require_once('/Users/rouf/Doc...')
#14 {main}

Next CodeIgniter\Database\Exceptions\DatabaseException: Connection refused in /Users/rouf/Documents/UAS_Web2_312410157_Rouf/backend-api/vendor/codeigniter4/framework/system/Database/MySQLi/Connection.php:231
Stack trace:
#0 /Users/rouf/Documents/UAS_Web2_312410157_Rouf/backend-api/vendor/codeigniter4/framework/system/Database/BaseConnection.php(555): CodeIgniter\Database\MySQLi\Connection->connect(false)
#1 /Users/rouf/Documents/UAS_Web2_312410157_Rouf/backend-api/vendor/codeigniter4/framework/system/Database/BaseConnection.php(795): CodeIgniter\Database\BaseConnection->initialize()
#2 /Users/rouf/Documents/UAS_Web2_312410157_Rouf/backend-api/vendor/codeigniter4/framework/system/Database/BaseBuilder.php(1647): CodeIgniter\Database\BaseConnection->query('SELECT `barang`...', Array, false)
#3 /Users/rouf/Documents/UAS_Web2_312410157_Rouf/backend-api/vendor/codeigniter4/framework/system/Model.php(255): CodeIgniter\Database\BaseBuilder->get()
#4 /Users/rouf/Documents/UAS_Web2_312410157_Rouf/backend-api/vendor/codeigniter4/framework/system/BaseModel.php(676): CodeIgniter\Model->doFindAll(0, 0)
#5 /Users/rouf/Documents/UAS_Web2_312410157_Rouf/backend-api/app/Controllers/Barang.php(17): CodeIgniter\BaseModel->findAll()
#6 /Users/rouf/Documents/UAS_Web2_312410157_Rouf/backend-api/vendor/codeigniter4/framework/system/CodeIgniter.php(974): App\Controllers\Barang->index()
#7 /Users/rouf/Documents/UAS_Web2_312410157_Rouf/backend-api/vendor/codeigniter4/framework/system/CodeIgniter.php(520): CodeIgniter\CodeIgniter->runController(Object(App\Controllers\Barang))
#8 /Users/rouf/Documents/UAS_Web2_312410157_Rouf/backend-api/vendor/codeigniter4/framework/system/CodeIgniter.php(363): CodeIgniter\CodeIgniter->handleRequest(NULL, Object(Config\Cache), false)
#9 /Users/rouf/Documents/UAS_Web2_312410157_Rouf/backend-api/vendor/codeigniter4/framework/system/Boot.php(417): CodeIgniter\CodeIgniter->run()
#10 /Users/rouf/Documents/UAS_Web2_312410157_Rouf/backend-api/vendor/codeigniter4/framework/system/Boot.php(68): CodeIgniter\Boot::runCodeIgniter(Object(CodeIgniter\CodeIgniter))
#11 /Users/rouf/Documents/UAS_Web2_312410157_Rouf/backend-api/public/index.php(59): CodeIgniter\Boot::bootWeb(Object(Config\Paths))
#12 /Users/rouf/Documents/UAS_Web2_312410157_Rouf/backend-api/vendor/codeigniter4/framework/system/rewrite.php(44): require_once('/Users/rouf/Doc...')
#13 {main}
CRITICAL - 2026-06-16 09:43:58 --> CodeIgniter\Database\Exceptions\DatabaseException: Unable to connect to the database.
Main connection [MySQLi]: Connection refused
[Method: GET, Route: api/barang]
in SYSTEMPATH/Database/BaseConnection.php on line 606.
 1 SYSTEMPATH/Database/BaseConnection.php(795): CodeIgniter\Database\BaseConnection->initialize()
 2 SYSTEMPATH/Database/BaseBuilder.php(1647): CodeIgniter\Database\BaseConnection->query('SELECT `barang`.*, `kategori`.`nama_kategori`
FROM `barang`
LEFT JOIN `kategori` ON `kategori`.`id` = `barang`.`kategori_id`', [], false)
 3 SYSTEMPATH/Model.php(255): CodeIgniter\Database\BaseBuilder->get()
 4 SYSTEMPATH/BaseModel.php(676): CodeIgniter\Model->doFindAll(0, 0)
 5 APPPATH/Controllers/Barang.php(17): CodeIgniter\BaseModel->findAll()
 6 SYSTEMPATH/CodeIgniter.php(974): App\Controllers\Barang->index()
 7 SYSTEMPATH/CodeIgniter.php(520): CodeIgniter\CodeIgniter->runController(Object(App\Controllers\Barang))
 8 SYSTEMPATH/CodeIgniter.php(363): CodeIgniter\CodeIgniter->handleRequest(null, Object(Config\Cache), false)
 9 SYSTEMPATH/Boot.php(417): CodeIgniter\CodeIgniter->run()
10 SYSTEMPATH/Boot.php(68): CodeIgniter\Boot::runCodeIgniter(Object(CodeIgniter\CodeIgniter))
11 FCPATH/index.php(59): CodeIgniter\Boot::bootWeb(Object(Config\Paths))
12 SYSTEMPATH/rewrite.php(44): require_once('/Users/rouf/Documents/UAS_Web2_312410157_Rouf/backend-api/public/index.php')
ERROR - 2026-06-16 09:43:58 --> Error connecting to the database: mysqli_sql_exception: Connection refused in /Users/rouf/Documents/UAS_Web2_312410157_Rouf/backend-api/vendor/codeigniter4/framework/system/Database/MySQLi/Connection.php:201
Stack trace:
#0 /Users/rouf/Documents/UAS_Web2_312410157_Rouf/backend-api/vendor/codeigniter4/framework/system/Database/MySQLi/Connection.php(201): mysqli->real_connect('127.0.0.1', 'root', Object(SensitiveParameterValue), 'db_inventory', 3306, '', 0)
#1 /Users/rouf/Documents/UAS_Web2_312410157_Rouf/backend-api/vendor/codeigniter4/framework/system/Database/BaseConnection.php(555): CodeIgniter\Database\MySQLi\Connection->connect(false)
#2 /Users/rouf/Documents/UAS_Web2_312410157_Rouf/backend-api/vendor/codeigniter4/framework/system/Database/BaseConnection.php(795): CodeIgniter\Database\BaseConnection->initialize()
#3 /Users/rouf/Documents/UAS_Web2_312410157_Rouf/backend-api/vendor/codeigniter4/framework/system/Database/BaseBuilder.php(1647): CodeIgniter\Database\BaseConnection->query('SELECT *\nFROM `...', Array, false)
#4 /Users/rouf/Documents/UAS_Web2_312410157_Rouf/backend-api/vendor/codeigniter4/framework/system/Model.php(255): CodeIgniter\Database\BaseBuilder->get()
#5 /Users/rouf/Documents/UAS_Web2_312410157_Rouf/backend-api/vendor/codeigniter4/framework/system/BaseModel.php(676): CodeIgniter\Model->doFindAll(0, 0)
#6 /Users/rouf/Documents/UAS_Web2_312410157_Rouf/backend-api/app/Controllers/Kategori.php(17): CodeIgniter\BaseModel->findAll()
#7 /Users/rouf/Documents/UAS_Web2_312410157_Rouf/backend-api/vendor/codeigniter4/framework/system/CodeIgniter.php(974): App\Controllers\Kategori->index()
#8 /Users/rouf/Documents/UAS_Web2_312410157_Rouf/backend-api/vendor/codeigniter4/framework/system/CodeIgniter.php(520): CodeIgniter\CodeIgniter->runController(Object(App\Controllers\Kategori))
#9 /Users/rouf/Documents/UAS_Web2_312410157_Rouf/backend-api/vendor/codeigniter4/framework/system/CodeIgniter.php(363): CodeIgniter\CodeIgniter->handleRequest(NULL, Object(Config\Cache), false)
#10 /Users/rouf/Documents/UAS_Web2_312410157_Rouf/backend-api/vendor/codeigniter4/framework/system/Boot.php(417): CodeIgniter\CodeIgniter->run()
#11 /Users/rouf/Documents/UAS_Web2_312410157_Rouf/backend-api/vendor/codeigniter4/framework/system/Boot.php(68): CodeIgniter\Boot::runCodeIgniter(Object(CodeIgniter\CodeIgniter))
#12 /Users/rouf/Documents/UAS_Web2_312410157_Rouf/backend-api/public/index.php(59): CodeIgniter\Boot::bootWeb(Object(Config\Paths))
#13 /Users/rouf/Documents/UAS_Web2_312410157_Rouf/backend-api/vendor/codeigniter4/framework/system/rewrite.php(44): require_once('/Users/rouf/Doc...')
#14 {main}

Next CodeIgniter\Database\Exceptions\DatabaseException: Connection refused in /Users/rouf/Documents/UAS_Web2_312410157_Rouf/backend-api/vendor/codeigniter4/framework/system/Database/MySQLi/Connection.php:231
Stack trace:
#0 /Users/rouf/Documents/UAS_Web2_312410157_Rouf/backend-api/vendor/codeigniter4/framework/system/Database/BaseConnection.php(555): CodeIgniter\Database\MySQLi\Connection->connect(false)
#1 /Users/rouf/Documents/UAS_Web2_312410157_Rouf/backend-api/vendor/codeigniter4/framework/system/Database/BaseConnection.php(795): CodeIgniter\Database\BaseConnection->initialize()
#2 /Users/rouf/Documents/UAS_Web2_312410157_Rouf/backend-api/vendor/codeigniter4/framework/system/Database/BaseBuilder.php(1647): CodeIgniter\Database\BaseConnection->query('SELECT *\nFROM `...', Array, false)
#3 /Users/rouf/Documents/UAS_Web2_312410157_Rouf/backend-api/vendor/codeigniter4/framework/system/Model.php(255): CodeIgniter\Database\BaseBuilder->get()
#4 /Users/rouf/Documents/UAS_Web2_312410157_Rouf/backend-api/vendor/codeigniter4/framework/system/BaseModel.php(676): CodeIgniter\Model->doFindAll(0, 0)
#5 /Users/rouf/Documents/UAS_Web2_312410157_Rouf/backend-api/app/Controllers/Kategori.php(17): CodeIgniter\BaseModel->findAll()
#6 /Users/rouf/Documents/UAS_Web2_312410157_Rouf/backend-api/vendor/codeigniter4/framework/system/CodeIgniter.php(974): App\Controllers\Kategori->index()
#7 /Users/rouf/Documents/UAS_Web2_312410157_Rouf/backend-api/vendor/codeigniter4/framework/system/CodeIgniter.php(520): CodeIgniter\CodeIgniter->runController(Object(App\Controllers\Kategori))
#8 /Users/rouf/Documents/UAS_Web2_312410157_Rouf/backend-api/vendor/codeigniter4/framework/system/CodeIgniter.php(363): CodeIgniter\CodeIgniter->handleRequest(NULL, Object(Config\Cache), false)
#9 /Users/rouf/Documents/UAS_Web2_312410157_Rouf/backend-api/vendor/codeigniter4/framework/system/Boot.php(417): CodeIgniter\CodeIgniter->run()
#10 /Users/rouf/Documents/UAS_Web2_312410157_Rouf/backend-api/vendor/codeigniter4/framework/system/Boot.php(68): CodeIgniter\Boot::runCodeIgniter(Object(CodeIgniter\CodeIgniter))
#11 /Users/rouf/Documents/UAS_Web2_312410157_Rouf/backend-api/public/index.php(59): CodeIgniter\Boot::bootWeb(Object(Config\Paths))
#12 /Users/rouf/Documents/UAS_Web2_312410157_Rouf/backend-api/vendor/codeigniter4/framework/system/rewrite.php(44): require_once('/Users/rouf/Doc...')
#13 {main}
CRITICAL - 2026-06-16 09:43:58 --> CodeIgniter\Database\Exceptions\DatabaseException: Unable to connect to the database.
Main connection [MySQLi]: Connection refused
[Method: GET, Route: api/kategori]
in SYSTEMPATH/Database/BaseConnection.php on line 606.
 1 SYSTEMPATH/Database/BaseConnection.php(795): CodeIgniter\Database\BaseConnection->initialize()
 2 SYSTEMPATH/Database/BaseBuilder.php(1647): CodeIgniter\Database\BaseConnection->query('SELECT *
FROM `kategori`', [], false)
 3 SYSTEMPATH/Model.php(255): CodeIgniter\Database\BaseBuilder->get()
 4 SYSTEMPATH/BaseModel.php(676): CodeIgniter\Model->doFindAll(0, 0)
 5 APPPATH/Controllers/Kategori.php(17): CodeIgniter\BaseModel->findAll()
 6 SYSTEMPATH/CodeIgniter.php(974): App\Controllers\Kategori->index()
 7 SYSTEMPATH/CodeIgniter.php(520): CodeIgniter\CodeIgniter->runController(Object(App\Controllers\Kategori))
 8 SYSTEMPATH/CodeIgniter.php(363): CodeIgniter\CodeIgniter->handleRequest(null, Object(Config\Cache), false)
 9 SYSTEMPATH/Boot.php(417): CodeIgniter\CodeIgniter->run()
10 SYSTEMPATH/Boot.php(68): CodeIgniter\Boot::runCodeIgniter(Object(CodeIgniter\CodeIgniter))
11 FCPATH/index.php(59): CodeIgniter\Boot::bootWeb(Object(Config\Paths))
12 SYSTEMPATH/rewrite.php(44): require_once('/Users/rouf/Documents/UAS_Web2_312410157_Rouf/backend-api/public/index.php')
ERROR - 2026-06-16 09:43:59 --> Error connecting to the database: mysqli_sql_exception: Connection refused in /Users/rouf/Documents/UAS_Web2_312410157_Rouf/backend-api/vendor/codeigniter4/framework/system/Database/MySQLi/Connection.php:201
Stack trace:
#0 /Users/rouf/Documents/UAS_Web2_312410157_Rouf/backend-api/vendor/codeigniter4/framework/system/Database/MySQLi/Connection.php(201): mysqli->real_connect('127.0.0.1', 'root', Object(SensitiveParameterValue), 'db_inventory', 3306, '', 0)
#1 /Users/rouf/Documents/UAS_Web2_312410157_Rouf/backend-api/vendor/codeigniter4/framework/system/Database/BaseConnection.php(555): CodeIgniter\Database\MySQLi\Connection->connect(false)
#2 /Users/rouf/Documents/UAS_Web2_312410157_Rouf/backend-api/vendor/codeigniter4/framework/system/Database/BaseConnection.php(795): CodeIgniter\Database\BaseConnection->initialize()
#3 /Users/rouf/Documents/UAS_Web2_312410157_Rouf/backend-api/vendor/codeigniter4/framework/system/Database/BaseBuilder.php(1647): CodeIgniter\Database\BaseConnection->query('SELECT `barang`...', Array, false)
#4 /Users/rouf/Documents/UAS_Web2_312410157_Rouf/backend-api/vendor/codeigniter4/framework/system/Model.php(255): CodeIgniter\Database\BaseBuilder->get()
#5 /Users/rouf/Documents/UAS_Web2_312410157_Rouf/backend-api/vendor/codeigniter4/framework/system/BaseModel.php(676): CodeIgniter\Model->doFindAll(0, 0)
#6 /Users/rouf/Documents/UAS_Web2_312410157_Rouf/backend-api/app/Controllers/Barang.php(17): CodeIgniter\BaseModel->findAll()
#7 /Users/rouf/Documents/UAS_Web2_312410157_Rouf/backend-api/vendor/codeigniter4/framework/system/CodeIgniter.php(974): App\Controllers\Barang->index()
#8 /Users/rouf/Documents/UAS_Web2_312410157_Rouf/backend-api/vendor/codeigniter4/framework/system/CodeIgniter.php(520): CodeIgniter\CodeIgniter->runController(Object(App\Controllers\Barang))
#9 /Users/rouf/Documents/UAS_Web2_312410157_Rouf/backend-api/vendor/codeigniter4/framework/system/CodeIgniter.php(363): CodeIgniter\CodeIgniter->handleRequest(NULL, Object(Config\Cache), false)
#10 /Users/rouf/Documents/UAS_Web2_312410157_Rouf/backend-api/vendor/codeigniter4/framework/system/Boot.php(417): CodeIgniter\CodeIgniter->run()
#11 /Users/rouf/Documents/UAS_Web2_312410157_Rouf/backend-api/vendor/codeigniter4/framework/system/Boot.php(68): CodeIgniter\Boot::runCodeIgniter(Object(CodeIgniter\CodeIgniter))
#12 /Users/rouf/Documents/UAS_Web2_312410157_Rouf/backend-api/public/index.php(59): CodeIgniter\Boot::bootWeb(Object(Config\Paths))
#13 /Users/rouf/Documents/UAS_Web2_312410157_Rouf/backend-api/vendor/codeigniter4/framework/system/rewrite.php(44): require_once('/Users/rouf/Doc...')
#14 {main}

Next CodeIgniter\Database\Exceptions\DatabaseException: Connection refused in /Users/rouf/Documents/UAS_Web2_312410157_Rouf/backend-api/vendor/codeigniter4/framework/system/Database/MySQLi/Connection.php:231
Stack trace:
#0 /Users/rouf/Documents/UAS_Web2_312410157_Rouf/backend-api/vendor/codeigniter4/framework/system/Database/BaseConnection.php(555): CodeIgniter\Database\MySQLi\Connection->connect(false)
#1 /Users/rouf/Documents/UAS_Web2_312410157_Rouf/backend-api/vendor/codeigniter4/framework/system/Database/BaseConnection.php(795): CodeIgniter\Database\BaseConnection->initialize()
#2 /Users/rouf/Documents/UAS_Web2_312410157_Rouf/backend-api/vendor/codeigniter4/framework/system/Database/BaseBuilder.php(1647): CodeIgniter\Database\BaseConnection->query('SELECT `barang`...', Array, false)
#3 /Users/rouf/Documents/UAS_Web2_312410157_Rouf/backend-api/vendor/codeigniter4/framework/system/Model.php(255): CodeIgniter\Database\BaseBuilder->get()
#4 /Users/rouf/Documents/UAS_Web2_312410157_Rouf/backend-api/vendor/codeigniter4/framework/system/BaseModel.php(676): CodeIgniter\Model->doFindAll(0, 0)
#5 /Users/rouf/Documents/UAS_Web2_312410157_Rouf/backend-api/app/Controllers/Barang.php(17): CodeIgniter\BaseModel->findAll()
#6 /Users/rouf/Documents/UAS_Web2_312410157_Rouf/backend-api/vendor/codeigniter4/framework/system/CodeIgniter.php(974): App\Controllers\Barang->index()
#7 /Users/rouf/Documents/UAS_Web2_312410157_Rouf/backend-api/vendor/codeigniter4/framework/system/CodeIgniter.php(520): CodeIgniter\CodeIgniter->runController(Object(App\Controllers\Barang))
#8 /Users/rouf/Documents/UAS_Web2_312410157_Rouf/backend-api/vendor/codeigniter4/framework/system/CodeIgniter.php(363): CodeIgniter\CodeIgniter->handleRequest(NULL, Object(Config\Cache), false)
#9 /Users/rouf/Documents/UAS_Web2_312410157_Rouf/backend-api/vendor/codeigniter4/framework/system/Boot.php(417): CodeIgniter\CodeIgniter->run()
#10 /Users/rouf/Documents/UAS_Web2_312410157_Rouf/backend-api/vendor/codeigniter4/framework/system/Boot.php(68): CodeIgniter\Boot::runCodeIgniter(Object(CodeIgniter\CodeIgniter))
#11 /Users/rouf/Documents/UAS_Web2_312410157_Rouf/backend-api/public/index.php(59): CodeIgniter\Boot::bootWeb(Object(Config\Paths))
#12 /Users/rouf/Documents/UAS_Web2_312410157_Rouf/backend-api/vendor/codeigniter4/framework/system/rewrite.php(44): require_once('/Users/rouf/Doc...')
#13 {main}
CRITICAL - 2026-06-16 09:43:59 --> CodeIgniter\Database\Exceptions\DatabaseException: Unable to connect to the database.
Main connection [MySQLi]: Connection refused
[Method: GET, Route: api/barang]
in SYSTEMPATH/Database/BaseConnection.php on line 606.
 1 SYSTEMPATH/Database/BaseConnection.php(795): CodeIgniter\Database\BaseConnection->initialize()
 2 SYSTEMPATH/Database/BaseBuilder.php(1647): CodeIgniter\Database\BaseConnection->query('SELECT `barang`.*, `kategori`.`nama_kategori`
FROM `barang`
LEFT JOIN `kategori` ON `kategori`.`id` = `barang`.`kategori_id`', [], false)
 3 SYSTEMPATH/Model.php(255): CodeIgniter\Database\BaseBuilder->get()
 4 SYSTEMPATH/BaseModel.php(676): CodeIgniter\Model->doFindAll(0, 0)
 5 APPPATH/Controllers/Barang.php(17): CodeIgniter\BaseModel->findAll()
 6 SYSTEMPATH/CodeIgniter.php(974): App\Controllers\Barang->index()
 7 SYSTEMPATH/CodeIgniter.php(520): CodeIgniter\CodeIgniter->runController(Object(App\Controllers\Barang))
 8 SYSTEMPATH/CodeIgniter.php(363): CodeIgniter\CodeIgniter->handleRequest(null, Object(Config\Cache), false)
 9 SYSTEMPATH/Boot.php(417): CodeIgniter\CodeIgniter->run()
10 SYSTEMPATH/Boot.php(68): CodeIgniter\Boot::runCodeIgniter(Object(CodeIgniter\CodeIgniter))
11 FCPATH/index.php(59): CodeIgniter\Boot::bootWeb(Object(Config\Paths))
12 SYSTEMPATH/rewrite.php(44): require_once('/Users/rouf/Documents/UAS_Web2_312410157_Rouf/backend-api/public/index.php')
